#
# There is insufficient memory for the Java Runtime Environment to continue.
# Native memory allocation (mmap) failed to map 4128768 bytes for G1 virtual space
# Possible reasons:
#   The system is out of physical RAM or swap space
#   The process is running with CompressedOops enabled, and the Java Heap may be blocking the growth of the native heap
# Possible solutions:
#   Reduce memory load on the system
#   Increase physical memory or swap space
#   Check if swap backing store is full
#   Decrease Java heap size (-Xmx/-Xms)
#   Decrease number of Java threads
#   Decrease Java thread stack sizes (-Xss)
#   Set larger code cache with -XX:ReservedCodeCacheSize=
#   JVM is running with Zero Based Compressed Oops mode in which the Java heap is
#     placed in the first 32GB address space. The Java Heap base address is the
#     maximum limit for the native heap growth. Please use -XX:HeapBaseMinAddress
#     to set the Java Heap base and to place the Java Heap above 32GB virtual address.
# This output file may be truncated or incomplete.
#
#  Out of Memory Error (os_windows.cpp:3825), pid=9616, tid=3008
#
# JRE version:  (17.0.8.1+7) (build )
# Java VM: OpenJDK 64-Bit Server VM (17.0.8.1+7-b1059.3, mixed mode, emulated-client, sharing, tiered, compressed oops, compressed class ptrs, g1 gc, windows-amd64)
# No core dump will be written. Minidumps are not enabled by default on client versions of Windows
#

---------------  S U M M A R Y ------------

Command Line: -XX:TieredStopAtLevel=1 -Dspring.output.ansi.enabled=always -Dcom.sun.management.jmxremote -Dspring.jmx.enabled=true -Dspring.liveBeansView.mbeanDomain -Dspring.application.admin.enabled=true -Dmanagement.endpoints.jmx.exposure.include=* -javaagent:C:\Program Files\JetBrains\IntelliJ IDEA 2023.2.2\lib\idea_rt.jar=56686:C:\Program Files\JetBrains\IntelliJ IDEA 2023.2.2\bin -Dfile.encoding=UTF-8 com.applications.hrmanagement.HrmanagementApplication

Host: 12th Gen Intel(R) Core(TM) i7-1255U, 12 cores, 15G,  Windows 11 , 64 bit Build 22621 (10.0.22621.4391)
Time: Sun Feb 23 21:28:03 2025 Maroc elapsed time: 0.087988 seconds (0d 0h 0m 0s)

---------------  T H R E A D  ---------------

Current thread (0x0000026561eb7e80):  JavaThread "Unknown thread" [_thread_in_vm, id=3008, stack(0x000000cb7d900000,0x000000cb7da00000)]

Stack: [0x000000cb7d900000,0x000000cb7da00000]
Native frames: (J=compiled Java code, j=interpreted, Vv=VM code, C=native code)
V  [jvm.dll+0x6852da]
V  [jvm.dll+0x844ad4]
V  [jvm.dll+0x8463ee]
V  [jvm.dll+0x846a53]
V  [jvm.dll+0x24b7cf]
V  [jvm.dll+0x682099]
V  [jvm.dll+0x67677a]
V  [jvm.dll+0x30be2b]
V  [jvm.dll+0x3132d6]
V  [jvm.dll+0x363043]
V  [jvm.dll+0x36325f]
V  [jvm.dll+0x2e1f48]
V  [jvm.dll+0x2e2eb4]
V  [jvm.dll+0x815a61]
V  [jvm.dll+0x370df1]
V  [jvm.dll+0x7f4e2c]
V  [jvm.dll+0x3f3f1f]
V  [jvm.dll+0x3f5b31]
C  [jli.dll+0x528f]  JavaMain+0x113  (java.c:413)
C  [ucrtbase.dll+0x29333]
C  [KERNEL32.DLL+0x1259d]
C  [ntdll.dll+0x5af38]


---------------  P R O C E S S  ---------------

Threads class SMR info:
_java_thread_list=0x00007ff82b3c00d8, length=0, elements={
}

Java Threads: ( => current thread )

Other Threads:
  0x0000026561f25280 GCTaskThread "GC Thread#0" [stack: 0x000000cb7da00000,0x000000cb7db00000] [id=7292]
  0x0000026561f35d50 ConcurrentGCThread "G1 Main Marker" [stack: 0x000000cb7db00000,0x000000cb7dc00000] [id=3828]
  0x0000026561f36f00 ConcurrentGCThread "G1 Conc#0" [stack: 0x000000cb7dc00000,0x000000cb7dd00000] [id=1416]

[error occurred during error reporting (printing all threads), id 0xc0000005, EXCEPTION_ACCESS_VIOLATION (0xc0000005) at pc=0x00007ff82ab72ab7]

VM state: not at safepoint (not fully initialized)

VM Mutex/Monitor currently owned by a thread:  ([mutex/lock_event])
[0x0000026561eb43d0] Heap_lock - owner thread: 0x0000026561eb7e80

Heap address: 0x0000000704800000, size: 4024 MB, Compressed Oops mode: Zero based, Oop shift amount: 3

CDS archive(s) mapped at: [0x0000000000000000-0x0000000000000000-0x0000000000000000), size 0, SharedBaseAddress: 0x0000000800000000, ArchiveRelocationMode: 1.
Narrow klass base: 0x0000000000000000, Narrow klass shift: 0, Narrow klass range: 0x0

GC Precious Log:
<Empty>

Heap:
 garbage-first heap   total 0K, used 0K [0x0000000704800000, 0x0000000800000000)
  region size 2048K, 0 young (0K), 0 survivors (0K)
 Metaspace       used 0K, committed 0K, reserved 0K
  class space    used 0K, committed 0K, reserved 0K

Heap Regions: E=young(eden), S=young(survivor), O=old, HS=humongous(starts), HC=humongous(continues), CS=collection set, F=free, OA=open archive, CA=closed archive, TAMS=top-at-mark-start (previous, next)

Card table byte_map: [0x0000026569180000,0x0000026569960000] _byte_map_base: 0x000002656595c000

Marking Bits (Prev, Next): (CMBitMap*) 0x0000026561f258a0, (CMBitMap*) 0x0000026561f258e0
 Prev Bits: [0x000002656a140000, 0x000002656e020000)
 Next Bits: [0x000002656e020000, 0x0000026571f00000)

GC Heap History (0 events):
No events

Dll operation events (1 events):
Event: 0.076 Loaded shared library C:\Users\ONS\.jdks\jbr-17.0.8.1\bin\java.dll

Deoptimization events (0 events):
No events

Classes unloaded (0 events):
No events

Classes redefined (0 events):
No events

Internal exceptions (0 events):
No events

VM Operations (0 events):
No events

Events (0 events):
No events


Dynamic libraries:
0x00007ff6813b0000 - 0x00007ff6813ba000 	C:\Users\ONS\.jdks\jbr-17.0.8.1\bin\java.exe
0x00007ff8c03b0000 - 0x00007ff8c05c7000 	C:\WINDOWS\SYSTEM32\ntdll.dll
0x00007ff8bf4c0000 - 0x00007ff8bf584000 	C:\WINDOWS\System32\KERNEL32.DLL
0x00007ff8bda00000 - 0x00007ff8bddba000 	C:\WINDOWS\System32\KERNELBASE.dll
0x00007ff8bd680000 - 0x00007ff8bd791000 	C:\WINDOWS\System32\ucrtbase.dll
0x00007ff82b5c0000 - 0x00007ff82b5d7000 	C:\Users\ONS\.jdks\jbr-17.0.8.1\bin\jli.dll
0x00007ff8bf2e0000 - 0x00007ff8bf48e000 	C:\WINDOWS\System32\USER32.dll
0x00007ff82b5a0000 - 0x00007ff82b5bb000 	C:\Users\ONS\.jdks\jbr-17.0.8.1\bin\VCRUNTIME140.dll
0x00007ff8bd910000 - 0x00007ff8bd936000 	C:\WINDOWS\System32\win32u.dll
0x00007ff8bf490000 - 0x00007ff8bf4b9000 	C:\WINDOWS\System32\GDI32.dll
0x00007ff8bdf90000 - 0x00007ff8be0ab000 	C:\WINDOWS\System32\gdi32full.dll
0x00007ff8bde70000 - 0x00007ff8bdf0a000 	C:\WINDOWS\System32\msvcp_win.dll
0x00007ff89bb60000 - 0x00007ff89bdf2000 	C:\WINDOWS\WinSxS\amd64_microsoft.windows.common-controls_6595b64144ccf1df_6.0.22621.4541_none_2710d1c57384c085\COMCTL32.dll
0x00007ff8bf920000 - 0x00007ff8bf9c7000 	C:\WINDOWS\System32\msvcrt.dll
0x00007ff8c0270000 - 0x00007ff8c02a1000 	C:\WINDOWS\System32\IMM32.DLL
0x00007ff8485f0000 - 0x00007ff8485fc000 	C:\Users\ONS\.jdks\jbr-17.0.8.1\bin\vcruntime140_1.dll
0x00007ff82b510000 - 0x00007ff82b59d000 	C:\Users\ONS\.jdks\jbr-17.0.8.1\bin\msvcp140.dll
0x00007ff82a880000 - 0x00007ff82b503000 	C:\Users\ONS\.jdks\jbr-17.0.8.1\bin\server\jvm.dll
0x00007ff8befa0000 - 0x00007ff8bf052000 	C:\WINDOWS\System32\ADVAPI32.dll
0x00007ff8be470000 - 0x00007ff8be517000 	C:\WINDOWS\System32\sechost.dll
0x00007ff8bde40000 - 0x00007ff8bde68000 	C:\WINDOWS\System32\bcrypt.dll
0x00007ff8be0b0000 - 0x00007ff8be1c4000 	C:\WINDOWS\System32\RPCRT4.dll
0x00007ff8bd550000 - 0x00007ff8bd59d000 	C:\WINDOWS\SYSTEM32\POWRPROF.dll
0x00007ff8891b0000 - 0x00007ff8891b9000 	C:\WINDOWS\SYSTEM32\WSOCK32.dll
0x00007ff8b7f50000 - 0x00007ff8b7f84000 	C:\WINDOWS\SYSTEM32\WINMM.dll
0x00007ff8c0040000 - 0x00007ff8c00b1000 	C:\WINDOWS\System32\WS2_32.dll
0x00007ff8ac170000 - 0x00007ff8ac17a000 	C:\WINDOWS\SYSTEM32\VERSION.dll
0x00007ff8bd530000 - 0x00007ff8bd543000 	C:\WINDOWS\SYSTEM32\UMPDC.dll
0x00007ff8bc680000 - 0x00007ff8bc698000 	C:\WINDOWS\SYSTEM32\kernel.appcore.dll
0x00007ff8355a0000 - 0x00007ff8355aa000 	C:\Users\ONS\.jdks\jbr-17.0.8.1\bin\jimage.dll
0x00007ff8bae40000 - 0x00007ff8bb072000 	C:\WINDOWS\SYSTEM32\DBGHELP.DLL
0x00007ff8bf590000 - 0x00007ff8bf91f000 	C:\WINDOWS\System32\combase.dll
0x00007ff8be1d0000 - 0x00007ff8be2a7000 	C:\WINDOWS\System32\OLEAUT32.dll
0x00007ff89c8e0000 - 0x00007ff89c912000 	C:\WINDOWS\SYSTEM32\dbgcore.DLL
0x00007ff8bddc0000 - 0x00007ff8bde3b000 	C:\WINDOWS\System32\bcryptPrimitives.dll
0x00007ff8b8670000 - 0x00007ff8b867e000 	C:\Users\ONS\.jdks\jbr-17.0.8.1\bin\instrument.dll
0x00007ff82a850000 - 0x00007ff82a875000 	C:\Users\ONS\.jdks\jbr-17.0.8.1\bin\java.dll

dbghelp: loaded successfully - version: 4.0.5 - missing functions: none
symbol engine: initialized successfully - sym options: 0x614 - pdb path: .;C:\Users\ONS\.jdks\jbr-17.0.8.1\bin;C:\WINDOWS\SYSTEM32;C:\WINDOWS\WinSxS\amd64_microsoft.windows.common-controls_6595b64144ccf1df_6.0.22621.4541_none_2710d1c57384c085;C:\Users\ONS\.jdks\jbr-17.0.8.1\bin\server

VM Arguments:
jvm_args: -XX:TieredStopAtLevel=1 -Dspring.output.ansi.enabled=always -Dcom.sun.management.jmxremote -Dspring.jmx.enabled=true -Dspring.liveBeansView.mbeanDomain -Dspring.application.admin.enabled=true -Dmanagement.endpoints.jmx.exposure.include=* -javaagent:C:\Program Files\JetBrains\IntelliJ IDEA 2023.2.2\lib\idea_rt.jar=56686:C:\Program Files\JetBrains\IntelliJ IDEA 2023.2.2\bin -Dfile.encoding=UTF-8 
java_command: com.applications.hrmanagement.HrmanagementApplication
java_class_path (initial): C:\Users\ONS\Desktop\PI L'Earn\Hrmanagement\target\classes;C:\Users\ONS\.m2\repository\org\springdoc\springdoc-openapi-starter-webmvc-ui\2.2.0\springdoc-openapi-starter-webmvc-ui-2.2.0.jar;C:\Users\ONS\.m2\repository\org\springdoc\springdoc-openapi-starter-webmvc-api\2.2.0\springdoc-openapi-starter-webmvc-api-2.2.0.jar;C:\Users\ONS\.m2\repository\org\springdoc\springdoc-openapi-starter-common\2.2.0\springdoc-openapi-starter-common-2.2.0.jar;C:\Users\ONS\.m2\repository\io\swagger\core\v3\swagger-core-jakarta\2.2.15\swagger-core-jakarta-2.2.15.jar;C:\Users\ONS\.m2\repository\org\apache\commons\commons-lang3\3.17.0\commons-lang3-3.17.0.jar;C:\Users\ONS\.m2\repository\io\swagger\core\v3\swagger-annotations-jakarta\2.2.15\swagger-annotations-jakarta-2.2.15.jar;C:\Users\ONS\.m2\repository\io\swagger\core\v3\swagger-models-jakarta\2.2.15\swagger-models-jakarta-2.2.15.jar;C:\Users\ONS\.m2\repository\com\fasterxml\jackson\dataformat\jackson-dataformat-yaml\2.18.2\jackson-dataformat-yaml-2.18.2.jar;C:\Users\ONS\.m2\repository\org\webjars\swagger-ui\5.2.0\swagger-ui-5.2.0.jar;C:\Users\ONS\.m2\repository\org\springframework\boot\spring-boot-starter-data-mongodb\3.4.2\spring-boot-starter-data-mongodb-3.4.2.jar;C:\Users\ONS\.m2\repository\org\springframework\boot\spring-boot-starter\3.4.2\spring-boot-starter-3.4.2.jar;C:\Users\ONS\.m2\repository\org\springframework\boot\spring-boot-starter-logging\3.4.2\spring-boot-starter-logging-3.4.2.jar;C:\Users\ONS\.m2\repository\ch\qos\logback\logback-classic\1.5.16\logback-classic-1.5.16.jar;C:\Users\ONS\.m2\repository\ch\qos\logback\logback-core\1.5.16\logback-core-1.5.16.jar;C:\Users\ONS\.m2\repository\org\apache\logging\log4j\log4j-to-slf4j\2.24.3\log4j-to-slf4j-2.24.3.jar;C:\Users\ONS\.m2\repository\org\apache\logging\log4j\log4j-api\2.24.3\log4j-api-2.24.3.jar;C:\Users\ONS\.m2\repository\org\slf4j\jul-to-slf4j\2.0.16\jul-to-slf4j-2.0.16.jar;C:\Users\ONS\.m2\repository\jakarta\annotation\jakarta.annotation-
Launcher Type: SUN_STANDARD

[Global flags]
     intx CICompilerCount                          = 4                                         {product} {ergonomic}
     uint ConcGCThreads                            = 3                                         {product} {ergonomic}
     uint G1ConcRefinementThreads                  = 10                                        {product} {ergonomic}
   size_t G1HeapRegionSize                         = 2097152                                   {product} {ergonomic}
    uintx GCDrainStackTargetSize                   = 64                                        {product} {ergonomic}
   size_t InitialHeapSize                          = 264241152                                 {product} {ergonomic}
     bool ManagementServer                         = true                                      {product} {command line}
   size_t MarkStackSize                            = 4194304                                   {product} {ergonomic}
   size_t MaxHeapSize                              = 4219469824                                {product} {ergonomic}
   size_t MinHeapDeltaBytes                        = 2097152                                   {product} {ergonomic}
   size_t MinHeapSize                              = 8388608                                   {product} {ergonomic}
    uintx NonProfiledCodeHeapSize                  = 0                                      {pd product} {ergonomic}
     bool ProfileInterpreter                       = false                                  {pd product} {command line}
    uintx ProfiledCodeHeapSize                     = 0                                      {pd product} {ergonomic}
   size_t SoftMaxHeapSize                          = 4219469824                             {manageable} {ergonomic}
     intx TieredStopAtLevel                        = 1                                         {product} {command line}
     bool UseCompressedClassPointers               = true                           {product lp64_product} {ergonomic}
     bool UseCompressedOops                        = true                           {product lp64_product} {ergonomic}
     bool UseG1GC                                  = true                                      {product} {ergonomic}
     bool UseLargePagesIndividualAllocation        = false                                  {pd product} {ergonomic}

Logging:
Log output configuration:
 #0: stdout all=warning uptime,level,tags
 #1: stderr all=off uptime,level,tags

Environment Variables:
JAVA_HOME=C:\Program Files\Java\jdk-17
PATH=C:\mongosh-2.3.9-win32-x64\bin;C:\Python312\;C:\oraclexe\app\oracle\product\11.2.0\server\bin;C:\Program Files (x86)\VMware\VMware Workstation\bin\;C:\WINDOWS\system32;C:\WINDOWS;C:\WINDOWS\System32\Wbem;C:\WINDOWS\System32\WindowsPowerShell\v1.0\;C:\WINDOWS\System32\OpenSSH\;C:\Strawberry\c\bin;C:\Strawberry\perl\site\bin;C:\Strawberry\perl\bin;C:\oraclexe\app\oracle\admin\XE;C:\oraclexe;C:\instantclient12_2;C:\Program Files (x86)\Git\cmd;C:\Program Files\Java\jdk-17\bin;C:\composer;C:\ProgramData\chocolatey\bin;C:\Program Files\gradle-7.6.3\bin;C:\Users\ONS\AppData\Local\Android\Sdk\cmdline-tools\latest\bin;C:\Users\ONS\AppData\Local\Android\Sdk\platform-tools;C:\Users\ONS\AppData\Local\Android\Sdk\build-tools\34.0.0;C:\Users\ONS\AppData\Local\Android\Sdk\emulator;C:\Program Files\Microsoft SQL Server\150\Tools\Binn\;C:\Program Files\Microsoft SQL Server\Client SDK\ODBC\170\Tools\Binn\;C:\Users\ONS\AppData\Roaming\nvm;C:\Program Files\nodejs;C:\Program Files (x86)\Microsoft SQL Server\160\Tools\Binn\;C:\Program Files\Microsoft SQL Server\160\Tools\Binn\;C:\Program Files\Microsoft SQL Server\160\DTS\Binn\;C:\mongosh-2.3.9-win32-x64\bin;C:\Program Files\Docker\Docker\resources\bin;C:\xampp\apache\bin;C:\Users\ONS\scoop\shims;C:\Users\ONS\AppData\Local\Microsoft\WindowsApps;C:\Users\ONS\AppData\Local\Programs\Microsoft VS Code\bin;C:\Users\ONS\AppData\Local\GitHubDesktop\bin;C:\Program Files\JetBrains\IntelliJ IDEA 2023.2.2\bin;;C:\Users\ONS\.jdks\jbr-17.0.8.1;C:\Users\ONS\AppData\Roaming\Composer\vendor\bin;C:\Users\ONS\AppData\Roaming\npm;C:\Users\ONS\AppData\Roaming\nvm;C:\Program Files\nodejs
USERNAME=ONS
OS=Windows_NT
PROCESSOR_IDENTIFIER=Intel64 Family 6 Model 154 Stepping 4, GenuineIntel
TMP=C:\Users\ONS\AppData\Local\Temp
TEMP=C:\Users\ONS\AppData\Local\Temp


JNI global refs:
JNI global refs: 0, weak refs: 0

JNI global refs memory usage: 0, weak refs: 0

OOME stack traces (most recent first):
Classloader memory used:


---------------  S Y S T E M  ---------------

OS:
 Windows 11 , 64 bit Build 22621 (10.0.22621.4391)
OS uptime: 0 days 1:08 hours
Hyper-V role detected

CPU: total 12 (initial active 12) (6 cores per cpu, 2 threads per core) family 6 model 154 stepping 4 microcode 0x432, cx8, cmov, fxsr, ht, mmx, 3dnowpref, sse, sse2, sse3, ssse3, sse4.1, sse4.2, popcnt, lzcnt, tsc, tscinvbit, avx, avx2, aes, erms, clmul, bmi1, bmi2, adx, sha, fma, vzeroupper, clflush, clflushopt, clwb, hv
Processor Information for processor 0
  Max Mhz: 1700, Current Mhz: 1700, Mhz Limit: 1700
Processor Information for processor 1
  Max Mhz: 1700, Current Mhz: 1700, Mhz Limit: 1700
Processor Information for processor 2
  Max Mhz: 1700, Current Mhz: 1700, Mhz Limit: 1700
Processor Information for processor 3
  Max Mhz: 1700, Current Mhz: 1700, Mhz Limit: 1700
Processor Information for processor 4
  Max Mhz: 1700, Current Mhz: 1200, Mhz Limit: 1190
Processor Information for processor 5
  Max Mhz: 1700, Current Mhz: 1200, Mhz Limit: 1190
Processor Information for processor 6
  Max Mhz: 1700, Current Mhz: 1200, Mhz Limit: 1190
Processor Information for processor 7
  Max Mhz: 1700, Current Mhz: 1200, Mhz Limit: 1190
Processor Information for processor 8
  Max Mhz: 1700, Current Mhz: 1200, Mhz Limit: 1190
Processor Information for processor 9
  Max Mhz: 1700, Current Mhz: 1200, Mhz Limit: 1190
Processor Information for processor 10
  Max Mhz: 1700, Current Mhz: 1200, Mhz Limit: 1190
Processor Information for processor 11
  Max Mhz: 1700, Current Mhz: 1200, Mhz Limit: 1190

Memory: 4k page, system-wide physical 16095M (3285M free)
TotalPageFile size 16127M (AvailPageFile size 3M)
current process WorkingSet (physical memory assigned to process): 13M, peak: 13M
current process commit charge ("private bytes"): 313M, peak: 316M

vm_info: OpenJDK 64-Bit Server VM (17.0.8.1+7-b1059.3) for windows-amd64 JRE (17.0.8.1+7-b1059.3), built on 2023-09-11 by "builduser" with MS VC++ 16.10 / 16.11 (VS2019)

END.
