#
# There is insufficient memory for the Java Runtime Environment to continue.
# Native memory allocation (malloc) failed to allocate 32744 bytes for ChunkPool::allocate
# Possible reasons:
#   The system is out of physical RAM or swap space
#   The process is running with CompressedOops enabled, and the Java Heap may be blocking the growth of the native heap
# Possible solutions:
#   Reduce memory load on the system
#   Increase physical memory or swap space
#   Check if swap backing store is full
#   Decrease Java heap size (-Xmx/-Xms)
#   Decrease number of Java threads
#   Decrease Java thread stack sizes (-Xss)
#   Set larger code cache with -XX:ReservedCodeCacheSize=
#   JVM is running with Zero Based Compressed Oops mode in which the Java heap is
#     placed in the first 32GB address space. The Java Heap base address is the
#     maximum limit for the native heap growth. Please use -XX:HeapBaseMinAddress
#     to set the Java Heap base and to place the Java Heap above 32GB virtual address.
# This output file may be truncated or incomplete.
#
#  Out of Memory Error (arena.cpp:78), pid=16984, tid=18056
#
# JRE version: OpenJDK Runtime Environment JBR-17.0.8.1+7-1059.3-nomod (17.0.8.1+7) (build 17.0.8.1+7-b1059.3)
# Java VM: OpenJDK 64-Bit Server VM JBR-17.0.8.1+7-1059.3-nomod (17.0.8.1+7-b1059.3, mixed mode, emulated-client, tiered, compressed oops, compressed class ptrs, g1 gc, windows-amd64)
# No core dump will be written. Minidumps are not enabled by default on client versions of Windows
#

---------------  S U M M A R Y ------------

Command Line: -XX:TieredStopAtLevel=1 -Dspring.output.ansi.enabled=always -Dcom.sun.management.jmxremote -Dspring.jmx.enabled=true -Dspring.liveBeansView.mbeanDomain -Dspring.application.admin.enabled=true -Dmanagement.endpoints.jmx.exposure.include=* -javaagent:C:\Program Files\JetBrains\IntelliJ IDEA 2023.2.2\lib\idea_rt.jar=60585:C:\Program Files\JetBrains\IntelliJ IDEA 2023.2.2\bin -Dfile.encoding=UTF-8 com.applications.hrmanagement.HrmanagementApplication

Host: 12th Gen Intel(R) Core(TM) i7-1255U, 12 cores, 15G,  Windows 11 , 64 bit Build 22621 (10.0.22621.4830)
Time: Tue Feb 25 11:52:03 2025 Maroc elapsed time: 0.309987 seconds (0d 0h 0m 0s)

---------------  T H R E A D  ---------------

Current thread (0x000001e46a6ee3e0):  JavaThread "C1 CompilerThread2" daemon [_thread_in_native, id=18056, stack(0x0000001a26200000,0x0000001a26300000)]


Current CompileTask:
C1:    310  795       1       sun.security.provider.ByteArrayAccess::b2iBig64 (231 bytes)

Stack: [0x0000001a26200000,0x0000001a26300000]
Native frames: (J=compiled Java code, j=interpreted, Vv=VM code, C=native code)
V  [jvm.dll+0x6852da]
V  [jvm.dll+0x844ad4]
V  [jvm.dll+0x8463ee]
V  [jvm.dll+0x846a53]
V  [jvm.dll+0x24b7cf]
V  [jvm.dll+0xac5dc]
V  [jvm.dll+0xac98c]
V  [jvm.dll+0x15fc00]
V  [jvm.dll+0x167d4d]
V  [jvm.dll+0x16033e]
V  [jvm.dll+0x14e640]
V  [jvm.dll+0x137127]
V  [jvm.dll+0x136aaf]
V  [jvm.dll+0x136ce6]
V  [jvm.dll+0x13617a]
V  [jvm.dll+0x137e41]
V  [jvm.dll+0x22c9c8]
V  [jvm.dll+0x22a990]
V  [jvm.dll+0x7f9b8c]
V  [jvm.dll+0x7f3faa]
V  [jvm.dll+0x684165]
C  [ucrtbase.dll+0x29333]
C  [KERNEL32.DLL+0x1259d]
C  [ntdll.dll+0x5af38]


---------------  P R O C E S S  ---------------

Threads class SMR info:
_java_thread_list=0x000001e46f1a4650, length=15, elements={
0x000001e455648fa0, 0x000001e46a545250, 0x000001e46a5470e0, 0x000001e46a56b000,
0x000001e46a56cae0, 0x000001e46a56f5b0, 0x000001e46a570710, 0x000001e46a571870,
0x000001e46a5766b0, 0x000001e46a64d020, 0x000001e46a6e9690, 0x000001e46a6ee3e0,
0x000001e46a6ee900, 0x000001e46f1a4830, 0x000001e46f1a9120
}

Java Threads: ( => current thread )
  0x000001e455648fa0 JavaThread "main" [_thread_in_Java, id=2828, stack(0x0000001a25100000,0x0000001a25200000)]
  0x000001e46a545250 JavaThread "Reference Handler" daemon [_thread_blocked, id=10584, stack(0x0000001a25800000,0x0000001a25900000)]
  0x000001e46a5470e0 JavaThread "Finalizer" daemon [_thread_blocked, id=13808, stack(0x0000001a25900000,0x0000001a25a00000)]
  0x000001e46a56b000 JavaThread "Signal Dispatcher" daemon [_thread_blocked, id=16012, stack(0x0000001a25a00000,0x0000001a25b00000)]
  0x000001e46a56cae0 JavaThread "Attach Listener" daemon [_thread_blocked, id=9108, stack(0x0000001a25b00000,0x0000001a25c00000)]
  0x000001e46a56f5b0 JavaThread "Service Thread" daemon [_thread_blocked, id=14000, stack(0x0000001a25c00000,0x0000001a25d00000)]
  0x000001e46a570710 JavaThread "Monitor Deflation Thread" daemon [_thread_blocked, id=6836, stack(0x0000001a25d00000,0x0000001a25e00000)]
  0x000001e46a571870 JavaThread "C1 CompilerThread0" daemon [_thread_blocked, id=11320, stack(0x0000001a25e00000,0x0000001a25f00000)]
  0x000001e46a5766b0 JavaThread "Sweeper thread" daemon [_thread_blocked, id=15896, stack(0x0000001a25f00000,0x0000001a26000000)]
  0x000001e46a64d020 JavaThread "Common-Cleaner" daemon [_thread_blocked, id=17104, stack(0x0000001a26000000,0x0000001a26100000)]
  0x000001e46a6e9690 JavaThread "C1 CompilerThread1" daemon [_thread_blocked, id=15904, stack(0x0000001a26100000,0x0000001a26200000)]
=>0x000001e46a6ee3e0 JavaThread "C1 CompilerThread2" daemon [_thread_in_native, id=18056, stack(0x0000001a26200000,0x0000001a26300000)]
  0x000001e46a6ee900 JavaThread "C1 CompilerThread3" daemon [_thread_blocked, id=10392, stack(0x0000001a26300000,0x0000001a26400000)]
  0x000001e46f1a4830 JavaThread "Monitor Ctrl-Break" daemon [_thread_in_native, id=9020, stack(0x0000001a26400000,0x0000001a26500000)]
  0x000001e46f1a9120 JavaThread "Notification Thread" daemon [_thread_blocked, id=8156, stack(0x0000001a26500000,0x0000001a26600000)]

Other Threads:
  0x000001e46a522b50 VMThread "VM Thread" [stack: 0x0000001a25700000,0x0000001a25800000] [id=1352]
  0x000001e4556b63a0 GCTaskThread "GC Thread#0" [stack: 0x0000001a25200000,0x0000001a25300000] [id=19480]
  0x000001e4556c6e70 ConcurrentGCThread "G1 Main Marker" [stack: 0x0000001a25300000,0x0000001a25400000] [id=6832]
  0x000001e4556c7880 ConcurrentGCThread "G1 Conc#0" [stack: 0x0000001a25400000,0x0000001a25500000] [id=20096]
  0x000001e46a136f10 ConcurrentGCThread "G1 Refine#0" [stack: 0x0000001a25500000,0x0000001a25600000] [id=6464]
  0x000001e46a139950 ConcurrentGCThread "G1 Service" [stack: 0x0000001a25600000,0x0000001a25700000] [id=13588]

Threads with active compile tasks:
C1 CompilerThread2      327  795       1       sun.security.provider.ByteArrayAccess::b2iBig64 (231 bytes)

VM state: not at safepoint (normal execution)

VM Mutex/Monitor currently owned by a thread: None

Heap address: 0x0000000704800000, size: 4024 MB, Compressed Oops mode: Zero based, Oop shift amount: 3

CDS archive(s) not mapped
Compressed class space mapped at: 0x0000000800000000-0x0000000840000000, reserved size: 1073741824
Narrow klass base: 0x0000000800000000, Narrow klass shift: 0, Narrow klass range: 0x40000000

GC Precious Log:
 CPUs: 12 total, 12 available
 Memory: 16095M
 Large Page Support: Disabled
 NUMA Support: Disabled
 Compressed Oops: Enabled (Zero based)
 Heap Region Size: 2M
 Heap Min Capacity: 8M
 Heap Initial Capacity: 252M
 Heap Max Capacity: 4024M
 Pre-touch: Disabled
 Parallel Workers: 10
 Concurrent Workers: 3
 Concurrent Refinement Workers: 10
 Periodic GC: Disabled

Heap:
 garbage-first heap   total 258048K, used 10240K [0x0000000704800000, 0x0000000800000000)
  region size 2048K, 6 young (12288K), 0 survivors (0K)
 Metaspace       used 11923K, committed 12160K, reserved 1114112K
  class space    used 1229K, committed 1344K, reserved 1048576K

Heap Regions: E=young(eden), S=young(survivor), O=old, HS=humongous(starts), HC=humongous(continues), CS=collection set, F=free, OA=open archive, CA=closed archive, TAMS=top-at-mark-start (previous, next)
|   0|0x0000000704800000, 0x0000000704800000, 0x0000000704a00000|  0%| F|  |TAMS 0x0000000704800000, 0x0000000704800000| Untracked 
|   1|0x0000000704a00000, 0x0000000704a00000, 0x0000000704c00000|  0%| F|  |TAMS 0x0000000704a00000, 0x0000000704a00000| Untracked 
|   2|0x0000000704c00000, 0x0000000704c00000, 0x0000000704e00000|  0%| F|  |TAMS 0x0000000704c00000, 0x0000000704c00000| Untracked 
|   3|0x0000000704e00000, 0x0000000704e00000, 0x0000000705000000|  0%| F|  |TAMS 0x0000000704e00000, 0x0000000704e00000| Untracked 
|   4|0x0000000705000000, 0x0000000705000000, 0x0000000705200000|  0%| F|  |TAMS 0x0000000705000000, 0x0000000705000000| Untracked 
|   5|0x0000000705200000, 0x0000000705200000, 0x0000000705400000|  0%| F|  |TAMS 0x0000000705200000, 0x0000000705200000| Untracked 
|   6|0x0000000705400000, 0x0000000705400000, 0x0000000705600000|  0%| F|  |TAMS 0x0000000705400000, 0x0000000705400000| Untracked 
|   7|0x0000000705600000, 0x0000000705600000, 0x0000000705800000|  0%| F|  |TAMS 0x0000000705600000, 0x0000000705600000| Untracked 
|   8|0x0000000705800000, 0x0000000705800000, 0x0000000705a00000|  0%| F|  |TAMS 0x0000000705800000, 0x0000000705800000| Untracked 
|   9|0x0000000705a00000, 0x0000000705a00000, 0x0000000705c00000|  0%| F|  |TAMS 0x0000000705a00000, 0x0000000705a00000| Untracked 
|  10|0x0000000705c00000, 0x0000000705c00000, 0x0000000705e00000|  0%| F|  |TAMS 0x0000000705c00000, 0x0000000705c00000| Untracked 
|  11|0x0000000705e00000, 0x0000000705e00000, 0x0000000706000000|  0%| F|  |TAMS 0x0000000705e00000, 0x0000000705e00000| Untracked 
|  12|0x0000000706000000, 0x0000000706000000, 0x0000000706200000|  0%| F|  |TAMS 0x0000000706000000, 0x0000000706000000| Untracked 
|  13|0x0000000706200000, 0x0000000706200000, 0x0000000706400000|  0%| F|  |TAMS 0x0000000706200000, 0x0000000706200000| Untracked 
|  14|0x0000000706400000, 0x0000000706400000, 0x0000000706600000|  0%| F|  |TAMS 0x0000000706400000, 0x0000000706400000| Untracked 
|  15|0x0000000706600000, 0x0000000706600000, 0x0000000706800000|  0%| F|  |TAMS 0x0000000706600000, 0x0000000706600000| Untracked 
|  16|0x0000000706800000, 0x0000000706800000, 0x0000000706a00000|  0%| F|  |TAMS 0x0000000706800000, 0x0000000706800000| Untracked 
|  17|0x0000000706a00000, 0x0000000706a00000, 0x0000000706c00000|  0%| F|  |TAMS 0x0000000706a00000, 0x0000000706a00000| Untracked 
|  18|0x0000000706c00000, 0x0000000706c00000, 0x0000000706e00000|  0%| F|  |TAMS 0x0000000706c00000, 0x0000000706c00000| Untracked 
|  19|0x0000000706e00000, 0x0000000706e00000, 0x0000000707000000|  0%| F|  |TAMS 0x0000000706e00000, 0x0000000706e00000| Untracked 
|  20|0x0000000707000000, 0x0000000707000000, 0x0000000707200000|  0%| F|  |TAMS 0x0000000707000000, 0x0000000707000000| Untracked 
|  21|0x0000000707200000, 0x0000000707200000, 0x0000000707400000|  0%| F|  |TAMS 0x0000000707200000, 0x0000000707200000| Untracked 
|  22|0x0000000707400000, 0x0000000707400000, 0x0000000707600000|  0%| F|  |TAMS 0x0000000707400000, 0x0000000707400000| Untracked 
|  23|0x0000000707600000, 0x0000000707600000, 0x0000000707800000|  0%| F|  |TAMS 0x0000000707600000, 0x0000000707600000| Untracked 
|  24|0x0000000707800000, 0x0000000707800000, 0x0000000707a00000|  0%| F|  |TAMS 0x0000000707800000, 0x0000000707800000| Untracked 
|  25|0x0000000707a00000, 0x0000000707a00000, 0x0000000707c00000|  0%| F|  |TAMS 0x0000000707a00000, 0x0000000707a00000| Untracked 
|  26|0x0000000707c00000, 0x0000000707c00000, 0x0000000707e00000|  0%| F|  |TAMS 0x0000000707c00000, 0x0000000707c00000| Untracked 
|  27|0x0000000707e00000, 0x0000000707e00000, 0x0000000708000000|  0%| F|  |TAMS 0x0000000707e00000, 0x0000000707e00000| Untracked 
|  28|0x0000000708000000, 0x0000000708000000, 0x0000000708200000|  0%| F|  |TAMS 0x0000000708000000, 0x0000000708000000| Untracked 
|  29|0x0000000708200000, 0x0000000708200000, 0x0000000708400000|  0%| F|  |TAMS 0x0000000708200000, 0x0000000708200000| Untracked 
|  30|0x0000000708400000, 0x0000000708400000, 0x0000000708600000|  0%| F|  |TAMS 0x0000000708400000, 0x0000000708400000| Untracked 
|  31|0x0000000708600000, 0x0000000708600000, 0x0000000708800000|  0%| F|  |TAMS 0x0000000708600000, 0x0000000708600000| Untracked 
|  32|0x0000000708800000, 0x0000000708800000, 0x0000000708a00000|  0%| F|  |TAMS 0x0000000708800000, 0x0000000708800000| Untracked 
|  33|0x0000000708a00000, 0x0000000708a00000, 0x0000000708c00000|  0%| F|  |TAMS 0x0000000708a00000, 0x0000000708a00000| Untracked 
|  34|0x0000000708c00000, 0x0000000708c00000, 0x0000000708e00000|  0%| F|  |TAMS 0x0000000708c00000, 0x0000000708c00000| Untracked 
|  35|0x0000000708e00000, 0x0000000708e00000, 0x0000000709000000|  0%| F|  |TAMS 0x0000000708e00000, 0x0000000708e00000| Untracked 
|  36|0x0000000709000000, 0x0000000709000000, 0x0000000709200000|  0%| F|  |TAMS 0x0000000709000000, 0x0000000709000000| Untracked 
|  37|0x0000000709200000, 0x0000000709200000, 0x0000000709400000|  0%| F|  |TAMS 0x0000000709200000, 0x0000000709200000| Untracked 
|  38|0x0000000709400000, 0x0000000709400000, 0x0000000709600000|  0%| F|  |TAMS 0x0000000709400000, 0x0000000709400000| Untracked 
|  39|0x0000000709600000, 0x0000000709600000, 0x0000000709800000|  0%| F|  |TAMS 0x0000000709600000, 0x0000000709600000| Untracked 
|  40|0x0000000709800000, 0x0000000709800000, 0x0000000709a00000|  0%| F|  |TAMS 0x0000000709800000, 0x0000000709800000| Untracked 
|  41|0x0000000709a00000, 0x0000000709a00000, 0x0000000709c00000|  0%| F|  |TAMS 0x0000000709a00000, 0x0000000709a00000| Untracked 
|  42|0x0000000709c00000, 0x0000000709c00000, 0x0000000709e00000|  0%| F|  |TAMS 0x0000000709c00000, 0x0000000709c00000| Untracked 
|  43|0x0000000709e00000, 0x0000000709e00000, 0x000000070a000000|  0%| F|  |TAMS 0x0000000709e00000, 0x0000000709e00000| Untracked 
|  44|0x000000070a000000, 0x000000070a000000, 0x000000070a200000|  0%| F|  |TAMS 0x000000070a000000, 0x000000070a000000| Untracked 
|  45|0x000000070a200000, 0x000000070a200000, 0x000000070a400000|  0%| F|  |TAMS 0x000000070a200000, 0x000000070a200000| Untracked 
|  46|0x000000070a400000, 0x000000070a400000, 0x000000070a600000|  0%| F|  |TAMS 0x000000070a400000, 0x000000070a400000| Untracked 
|  47|0x000000070a600000, 0x000000070a600000, 0x000000070a800000|  0%| F|  |TAMS 0x000000070a600000, 0x000000070a600000| Untracked 
|  48|0x000000070a800000, 0x000000070a800000, 0x000000070aa00000|  0%| F|  |TAMS 0x000000070a800000, 0x000000070a800000| Untracked 
|  49|0x000000070aa00000, 0x000000070aa00000, 0x000000070ac00000|  0%| F|  |TAMS 0x000000070aa00000, 0x000000070aa00000| Untracked 
|  50|0x000000070ac00000, 0x000000070ac00000, 0x000000070ae00000|  0%| F|  |TAMS 0x000000070ac00000, 0x000000070ac00000| Untracked 
|  51|0x000000070ae00000, 0x000000070ae00000, 0x000000070b000000|  0%| F|  |TAMS 0x000000070ae00000, 0x000000070ae00000| Untracked 
|  52|0x000000070b000000, 0x000000070b000000, 0x000000070b200000|  0%| F|  |TAMS 0x000000070b000000, 0x000000070b000000| Untracked 
|  53|0x000000070b200000, 0x000000070b200000, 0x000000070b400000|  0%| F|  |TAMS 0x000000070b200000, 0x000000070b200000| Untracked 
|  54|0x000000070b400000, 0x000000070b400000, 0x000000070b600000|  0%| F|  |TAMS 0x000000070b400000, 0x000000070b400000| Untracked 
|  55|0x000000070b600000, 0x000000070b600000, 0x000000070b800000|  0%| F|  |TAMS 0x000000070b600000, 0x000000070b600000| Untracked 
|  56|0x000000070b800000, 0x000000070b800000, 0x000000070ba00000|  0%| F|  |TAMS 0x000000070b800000, 0x000000070b800000| Untracked 
|  57|0x000000070ba00000, 0x000000070ba00000, 0x000000070bc00000|  0%| F|  |TAMS 0x000000070ba00000, 0x000000070ba00000| Untracked 
|  58|0x000000070bc00000, 0x000000070bc00000, 0x000000070be00000|  0%| F|  |TAMS 0x000000070bc00000, 0x000000070bc00000| Untracked 
|  59|0x000000070be00000, 0x000000070be00000, 0x000000070c000000|  0%| F|  |TAMS 0x000000070be00000, 0x000000070be00000| Untracked 
|  60|0x000000070c000000, 0x000000070c000000, 0x000000070c200000|  0%| F|  |TAMS 0x000000070c000000, 0x000000070c000000| Untracked 
|  61|0x000000070c200000, 0x000000070c200000, 0x000000070c400000|  0%| F|  |TAMS 0x000000070c200000, 0x000000070c200000| Untracked 
|  62|0x000000070c400000, 0x000000070c400000, 0x000000070c600000|  0%| F|  |TAMS 0x000000070c400000, 0x000000070c400000| Untracked 
|  63|0x000000070c600000, 0x000000070c600000, 0x000000070c800000|  0%| F|  |TAMS 0x000000070c600000, 0x000000070c600000| Untracked 
|  64|0x000000070c800000, 0x000000070c800000, 0x000000070ca00000|  0%| F|  |TAMS 0x000000070c800000, 0x000000070c800000| Untracked 
|  65|0x000000070ca00000, 0x000000070ca00000, 0x000000070cc00000|  0%| F|  |TAMS 0x000000070ca00000, 0x000000070ca00000| Untracked 
|  66|0x000000070cc00000, 0x000000070cc00000, 0x000000070ce00000|  0%| F|  |TAMS 0x000000070cc00000, 0x000000070cc00000| Untracked 
|  67|0x000000070ce00000, 0x000000070ce00000, 0x000000070d000000|  0%| F|  |TAMS 0x000000070ce00000, 0x000000070ce00000| Untracked 
|  68|0x000000070d000000, 0x000000070d000000, 0x000000070d200000|  0%| F|  |TAMS 0x000000070d000000, 0x000000070d000000| Untracked 
|  69|0x000000070d200000, 0x000000070d200000, 0x000000070d400000|  0%| F|  |TAMS 0x000000070d200000, 0x000000070d200000| Untracked 
|  70|0x000000070d400000, 0x000000070d400000, 0x000000070d600000|  0%| F|  |TAMS 0x000000070d400000, 0x000000070d400000| Untracked 
|  71|0x000000070d600000, 0x000000070d600000, 0x000000070d800000|  0%| F|  |TAMS 0x000000070d600000, 0x000000070d600000| Untracked 
|  72|0x000000070d800000, 0x000000070d800000, 0x000000070da00000|  0%| F|  |TAMS 0x000000070d800000, 0x000000070d800000| Untracked 
|  73|0x000000070da00000, 0x000000070da00000, 0x000000070dc00000|  0%| F|  |TAMS 0x000000070da00000, 0x000000070da00000| Untracked 
|  74|0x000000070dc00000, 0x000000070dc00000, 0x000000070de00000|  0%| F|  |TAMS 0x000000070dc00000, 0x000000070dc00000| Untracked 
|  75|0x000000070de00000, 0x000000070de00000, 0x000000070e000000|  0%| F|  |TAMS 0x000000070de00000, 0x000000070de00000| Untracked 
|  76|0x000000070e000000, 0x000000070e000000, 0x000000070e200000|  0%| F|  |TAMS 0x000000070e000000, 0x000000070e000000| Untracked 
|  77|0x000000070e200000, 0x000000070e200000, 0x000000070e400000|  0%| F|  |TAMS 0x000000070e200000, 0x000000070e200000| Untracked 
|  78|0x000000070e400000, 0x000000070e400000, 0x000000070e600000|  0%| F|  |TAMS 0x000000070e400000, 0x000000070e400000| Untracked 
|  79|0x000000070e600000, 0x000000070e600000, 0x000000070e800000|  0%| F|  |TAMS 0x000000070e600000, 0x000000070e600000| Untracked 
|  80|0x000000070e800000, 0x000000070e800000, 0x000000070ea00000|  0%| F|  |TAMS 0x000000070e800000, 0x000000070e800000| Untracked 
|  81|0x000000070ea00000, 0x000000070ea00000, 0x000000070ec00000|  0%| F|  |TAMS 0x000000070ea00000, 0x000000070ea00000| Untracked 
|  82|0x000000070ec00000, 0x000000070ec00000, 0x000000070ee00000|  0%| F|  |TAMS 0x000000070ec00000, 0x000000070ec00000| Untracked 
|  83|0x000000070ee00000, 0x000000070ee00000, 0x000000070f000000|  0%| F|  |TAMS 0x000000070ee00000, 0x000000070ee00000| Untracked 
|  84|0x000000070f000000, 0x000000070f000000, 0x000000070f200000|  0%| F|  |TAMS 0x000000070f000000, 0x000000070f000000| Untracked 
|  85|0x000000070f200000, 0x000000070f200000, 0x000000070f400000|  0%| F|  |TAMS 0x000000070f200000, 0x000000070f200000| Untracked 
|  86|0x000000070f400000, 0x000000070f400000, 0x000000070f600000|  0%| F|  |TAMS 0x000000070f400000, 0x000000070f400000| Untracked 
|  87|0x000000070f600000, 0x000000070f600000, 0x000000070f800000|  0%| F|  |TAMS 0x000000070f600000, 0x000000070f600000| Untracked 
|  88|0x000000070f800000, 0x000000070f800000, 0x000000070fa00000|  0%| F|  |TAMS 0x000000070f800000, 0x000000070f800000| Untracked 
|  89|0x000000070fa00000, 0x000000070fa00000, 0x000000070fc00000|  0%| F|  |TAMS 0x000000070fa00000, 0x000000070fa00000| Untracked 
|  90|0x000000070fc00000, 0x000000070fc00000, 0x000000070fe00000|  0%| F|  |TAMS 0x000000070fc00000, 0x000000070fc00000| Untracked 
|  91|0x000000070fe00000, 0x000000070fe00000, 0x0000000710000000|  0%| F|  |TAMS 0x000000070fe00000, 0x000000070fe00000| Untracked 
|  92|0x0000000710000000, 0x0000000710000000, 0x0000000710200000|  0%| F|  |TAMS 0x0000000710000000, 0x0000000710000000| Untracked 
|  93|0x0000000710200000, 0x0000000710200000, 0x0000000710400000|  0%| F|  |TAMS 0x0000000710200000, 0x0000000710200000| Untracked 
|  94|0x0000000710400000, 0x0000000710400000, 0x0000000710600000|  0%| F|  |TAMS 0x0000000710400000, 0x0000000710400000| Untracked 
|  95|0x0000000710600000, 0x0000000710600000, 0x0000000710800000|  0%| F|  |TAMS 0x0000000710600000, 0x0000000710600000| Untracked 
|  96|0x0000000710800000, 0x0000000710800000, 0x0000000710a00000|  0%| F|  |TAMS 0x0000000710800000, 0x0000000710800000| Untracked 
|  97|0x0000000710a00000, 0x0000000710a00000, 0x0000000710c00000|  0%| F|  |TAMS 0x0000000710a00000, 0x0000000710a00000| Untracked 
|  98|0x0000000710c00000, 0x0000000710c00000, 0x0000000710e00000|  0%| F|  |TAMS 0x0000000710c00000, 0x0000000710c00000| Untracked 
|  99|0x0000000710e00000, 0x0000000710e00000, 0x0000000711000000|  0%| F|  |TAMS 0x0000000710e00000, 0x0000000710e00000| Untracked 
| 100|0x0000000711000000, 0x0000000711000000, 0x0000000711200000|  0%| F|  |TAMS 0x0000000711000000, 0x0000000711000000| Untracked 
| 101|0x0000000711200000, 0x0000000711200000, 0x0000000711400000|  0%| F|  |TAMS 0x0000000711200000, 0x0000000711200000| Untracked 
| 102|0x0000000711400000, 0x0000000711400000, 0x0000000711600000|  0%| F|  |TAMS 0x0000000711400000, 0x0000000711400000| Untracked 
| 103|0x0000000711600000, 0x0000000711600000, 0x0000000711800000|  0%| F|  |TAMS 0x0000000711600000, 0x0000000711600000| Untracked 
| 104|0x0000000711800000, 0x0000000711800000, 0x0000000711a00000|  0%| F|  |TAMS 0x0000000711800000, 0x0000000711800000| Untracked 
| 105|0x0000000711a00000, 0x0000000711a00000, 0x0000000711c00000|  0%| F|  |TAMS 0x0000000711a00000, 0x0000000711a00000| Untracked 
| 106|0x0000000711c00000, 0x0000000711c00000, 0x0000000711e00000|  0%| F|  |TAMS 0x0000000711c00000, 0x0000000711c00000| Untracked 
| 107|0x0000000711e00000, 0x0000000711e00000, 0x0000000712000000|  0%| F|  |TAMS 0x0000000711e00000, 0x0000000711e00000| Untracked 
| 108|0x0000000712000000, 0x0000000712000000, 0x0000000712200000|  0%| F|  |TAMS 0x0000000712000000, 0x0000000712000000| Untracked 
| 109|0x0000000712200000, 0x0000000712200000, 0x0000000712400000|  0%| F|  |TAMS 0x0000000712200000, 0x0000000712200000| Untracked 
| 110|0x0000000712400000, 0x0000000712400000, 0x0000000712600000|  0%| F|  |TAMS 0x0000000712400000, 0x0000000712400000| Untracked 
| 111|0x0000000712600000, 0x0000000712600000, 0x0000000712800000|  0%| F|  |TAMS 0x0000000712600000, 0x0000000712600000| Untracked 
| 112|0x0000000712800000, 0x0000000712800000, 0x0000000712a00000|  0%| F|  |TAMS 0x0000000712800000, 0x0000000712800000| Untracked 
| 113|0x0000000712a00000, 0x0000000712a00000, 0x0000000712c00000|  0%| F|  |TAMS 0x0000000712a00000, 0x0000000712a00000| Untracked 
| 114|0x0000000712c00000, 0x0000000712c00000, 0x0000000712e00000|  0%| F|  |TAMS 0x0000000712c00000, 0x0000000712c00000| Untracked 
| 115|0x0000000712e00000, 0x0000000712e00000, 0x0000000713000000|  0%| F|  |TAMS 0x0000000712e00000, 0x0000000712e00000| Untracked 
| 116|0x0000000713000000, 0x0000000713000000, 0x0000000713200000|  0%| F|  |TAMS 0x0000000713000000, 0x0000000713000000| Untracked 
| 117|0x0000000713200000, 0x0000000713200000, 0x0000000713400000|  0%| F|  |TAMS 0x0000000713200000, 0x0000000713200000| Untracked 
| 118|0x0000000713400000, 0x0000000713400000, 0x0000000713600000|  0%| F|  |TAMS 0x0000000713400000, 0x0000000713400000| Untracked 
| 119|0x0000000713600000, 0x0000000713600000, 0x0000000713800000|  0%| F|  |TAMS 0x0000000713600000, 0x0000000713600000| Untracked 
| 120|0x0000000713800000, 0x00000007139527c8, 0x0000000713a00000| 66%| E|  |TAMS 0x0000000713800000, 0x0000000713800000| Complete 
| 121|0x0000000713a00000, 0x0000000713c00000, 0x0000000713c00000|100%| E|CS|TAMS 0x0000000713a00000, 0x0000000713a00000| Complete 
| 122|0x0000000713c00000, 0x0000000713e00000, 0x0000000713e00000|100%| E|CS|TAMS 0x0000000713c00000, 0x0000000713c00000| Complete 
| 123|0x0000000713e00000, 0x0000000714000000, 0x0000000714000000|100%| E|CS|TAMS 0x0000000713e00000, 0x0000000713e00000| Complete 
| 124|0x0000000714000000, 0x0000000714200000, 0x0000000714200000|100%| E|CS|TAMS 0x0000000714000000, 0x0000000714000000| Complete 
| 125|0x0000000714200000, 0x0000000714400000, 0x0000000714400000|100%| E|CS|TAMS 0x0000000714200000, 0x0000000714200000| Complete 

Card table byte_map: [0x000001e45e8e0000,0x000001e45f0c0000] _byte_map_base: 0x000001e45b0bc000

Marking Bits (Prev, Next): (CMBitMap*) 0x000001e4556b69c0, (CMBitMap*) 0x000001e4556b6a00
 Prev Bits: [0x000001e45f8a0000, 0x000001e463780000)
 Next Bits: [0x000001e463780000, 0x000001e467660000)

Polling page: 0x000001e4556f0000

Metaspace:

Usage:
  Non-class:     10.51 MB used.
      Class:      1.22 MB used.
       Both:     11.73 MB used.

Virtual space:
  Non-class space:       64.00 MB reserved,      10.62 MB ( 17%) committed,  1 nodes.
      Class space:        1.00 GB reserved,       1.31 MB ( <1%) committed,  1 nodes.
             Both:        1.06 GB reserved,      11.94 MB (  1%) committed. 

Chunk freelists:
   Non-Class:  4.99 MB
       Class:  14.74 MB
        Both:  19.74 MB

MaxMetaspaceSize: unlimited
CompressedClassSpaceSize: 1.00 GB
Initial GC threshold: 21.00 MB
Current GC threshold: 21.00 MB
CDS: off
MetaspaceReclaimPolicy: balanced
 - commit_granule_bytes: 65536.
 - commit_granule_words: 8192.
 - virtual_space_node_default_size: 8388608.
 - enlarge_chunks_in_place: 1.
 - new_chunks_are_fully_committed: 0.
 - uncommit_free_chunks: 1.
 - use_allocation_guard: 0.
 - handle_deallocations: 1.


Internal statistics:

num_allocs_failed_limit: 0.
num_arena_births: 74.
num_arena_deaths: 0.
num_vsnodes_births: 2.
num_vsnodes_deaths: 0.
num_space_committed: 191.
num_space_uncommitted: 0.
num_chunks_returned_to_freelist: 0.
num_chunks_taken_from_freelist: 115.
num_chunk_merges: 0.
num_chunk_splits: 63.
num_chunks_enlarged: 36.
num_inconsistent_stats: 0.

CodeCache: size=49152Kb used=3906Kb max_used=3906Kb free=45245Kb
 bounds [0x000001e45a600000, 0x000001e45a9e0000, 0x000001e45d600000]
 total_blobs=1269 nmethods=837 adapters=357
 compilation: enabled
              stopped_count=0, restarted_count=0
 full_count=0

Compilation events (20 events):
Event: 0.307 Thread 0x000001e46a571870  792       1       sun.nio.fs.WindowsPathParser::isLetter (30 bytes)
Event: 0.307 Thread 0x000001e46a6ee3e0  793       1       sun.security.provider.SHA::implCompress (13 bytes)
Event: 0.307 Thread 0x000001e46a6e9690 nmethod 791 0x000001e45a9be110 code [0x000001e45a9be2a0, 0x000001e45a9be498]
Event: 0.307 Thread 0x000001e46a6e9690  796       1       sun.nio.fs.WindowsFileAttributes::isReparsePoint (14 bytes)
Event: 0.307 Thread 0x000001e46a571870 nmethod 792 0x000001e45a9be510 code [0x000001e45a9be6a0, 0x000001e45a9be798]
Event: 0.307 Thread 0x000001e46a571870  797       1       sun.nio.fs.WindowsFileAttributes::<init> (57 bytes)
Event: 0.307 Thread 0x000001e46a6e9690 nmethod 796 0x000001e45a9be810 code [0x000001e45a9be9a0, 0x000001e45a9bea58]
Event: 0.307 Thread 0x000001e46a6e9690  794       1       sun.security.provider.SHA::implCompressCheck (27 bytes)
Event: 0.307 Thread 0x000001e46a6ee3e0 nmethod 793 0x000001e45a9beb10 code [0x000001e45a9becc0, 0x000001e45a9bef08]
Event: 0.307 Thread 0x000001e46a6ee3e0  795       1       sun.security.provider.ByteArrayAccess::b2iBig64 (231 bytes)
Event: 0.307 Thread 0x000001e46a571870 nmethod 797 0x000001e45a9bf090 code [0x000001e45a9bf220, 0x000001e45a9bf318]
Event: 0.307 Thread 0x000001e46a6e9690 nmethod 794 0x000001e45a9bf390 code [0x000001e45a9bf540, 0x000001e45a9bf778]
Event: 0.308 Thread 0x000001e46a571870  798       1       sun.nio.fs.WindowsDirectoryStream$WindowsDirectoryIterator::isSelfOrParent (24 bytes)
Event: 0.308 Thread 0x000001e46a6e9690  801   !   1       sun.nio.fs.WindowsDirectoryStream$WindowsDirectoryIterator::readNextEntry (192 bytes)
Event: 0.308 Thread 0x000001e46a571870 nmethod 798 0x000001e45a9bfd10 code [0x000001e45a9bfec0, 0x000001e45a9c0018]
Event: 0.308 Thread 0x000001e46a571870  800  s    1       sun.nio.fs.WindowsDirectoryStream$WindowsDirectoryIterator::hasNext (35 bytes)
Event: 0.308 Thread 0x000001e46a571870 nmethod 800 0x000001e45a9c0110 code [0x000001e45a9c02c0, 0x000001e45a9c0508]
Event: 0.308 Thread 0x000001e46a571870  802       1       sun.nio.fs.WindowsFileAttributes::fromFindData (127 bytes)
Event: 0.309 Thread 0x000001e46a571870 nmethod 802 0x000001e45a9c0590 code [0x000001e45a9c0740, 0x000001e45a9c09c8]
Event: 0.309 Thread 0x000001e46a571870  803   !   1       sun.nio.fs.WindowsDirectoryStream$WindowsDirectoryIterator::acceptEntry (71 bytes)

GC Heap History (0 events):
No events

Dll operation events (3 events):
Event: 0.008 Loaded shared library C:\Users\ONS\.jdks\jbr-17.0.8.1\bin\java.dll
Event: 0.025 Loaded shared library C:\Users\ONS\.jdks\jbr-17.0.8.1\bin\jsvml.dll
Event: 0.109 Loaded shared library C:\Users\ONS\.jdks\jbr-17.0.8.1\bin\zip.dll

Deoptimization events (0 events):
No events

Classes unloaded (0 events):
No events

Classes redefined (0 events):
No events

Internal exceptions (8 events):
Event: 0.161 Thread 0x000001e46f1a4830 Exception <a 'java/lang/NoSuchMethodError'{0x0000000713d8d1a8}: 'java.lang.Object java.lang.invoke.DirectMethodHandle$Holder.invokeStaticInit(java.lang.Object)'> (0x0000000713d8d1a8) 
thrown [s\src\hotspot\share\interpreter\linkResolver.cpp, line 771]
Event: 0.166 Thread 0x000001e46f1a4830 Exception <a 'java/lang/NoSuchMethodError'{0x0000000713d9a680}: 'void java.lang.invoke.DirectMethodHandle$Holder.invokeStatic(java.lang.Object, java.lang.Object)'> (0x0000000713d9a680) 
thrown [s\src\hotspot\share\interpreter\linkResolver.cpp, line 771]
Event: 0.187 Thread 0x000001e455648fa0 Exception <a 'java/lang/NoSuchMethodError'{0x0000000713d5e680}: 'int java.lang.invoke.DirectMethodHandle$Holder.invokeInterface(java.lang.Object, java.lang.Object)'> (0x0000000713d5e680) 
thrown [s\src\hotspot\share\interpreter\linkResolver.cpp, line 771]
Event: 0.187 Thread 0x000001e455648fa0 Exception <a 'java/lang/IncompatibleClassChangeError'{0x0000000713d61c80}: Found class java.lang.Object, but interface was expected> (0x0000000713d61c80) 
thrown [s\src\hotspot\share\interpreter\linkResolver.cpp, line 838]
Event: 0.217 Thread 0x000001e455648fa0 Exception <a 'java/lang/NoSuchMethodError'{0x0000000713a9f830}: 'int java.lang.invoke.DirectMethodHandle$Holder.invokeSpecial(java.lang.Object, java.lang.Object, java.lang.Object)'> (0x0000000713a9f830) 
thrown [s\src\hotspot\share\interpreter\linkResolver.cpp, line 771]
Event: 0.257 Thread 0x000001e455648fa0 Exception <a 'java/lang/NoSuchMethodError'{0x0000000713ba5ba0}: 'void java.lang.invoke.DirectMethodHandle$Holder.invokeStatic(java.lang.Object, java.lang.Object, java.lang.Object)'> (0x0000000713ba5ba0) 
thrown [s\src\hotspot\share\interpreter\linkResolver.cpp, line 771]
Event: 0.266 Thread 0x000001e455648fa0 Exception <a 'java/lang/NoSuchMethodError'{0x0000000713be8c58}: 'int java.lang.invoke.DirectMethodHandle$Holder.invokeSpecialIFC(java.lang.Object, java.lang.Object, java.lang.Object)'> (0x0000000713be8c58) 
thrown [s\src\hotspot\share\interpreter\linkResolver.cpp, line 771]
Event: 0.282 Thread 0x000001e455648fa0 Exception <a 'java/lang/NoSuchMethodError'{0x000000071385f538}: 'java.lang.Object java.lang.invoke.DirectMethodHandle$Holder.invokeStaticInit(java.lang.Object, int, int, int, int)'> (0x000000071385f538) 
thrown [s\src\hotspot\share\interpreter\linkResolver.cpp, line 771]

VM Operations (6 events):
Event: 0.102 Executing VM operation: HandshakeAllThreads
Event: 0.102 Executing VM operation: HandshakeAllThreads done
Event: 0.159 Executing VM operation: HandshakeAllThreads
Event: 0.159 Executing VM operation: HandshakeAllThreads done
Event: 0.275 Executing VM operation: HandshakeAllThreads
Event: 0.275 Executing VM operation: HandshakeAllThreads done

Events (20 events):
Event: 0.292 loading class java/net/InterfaceAddress
Event: 0.292 loading class java/net/InterfaceAddress done
Event: 0.292 loading class java/net/DefaultInterface
Event: 0.292 loading class java/net/DefaultInterface done
Event: 0.299 loading class java/net/NetworkInterface$1
Event: 0.299 loading class java/net/NetworkInterface$1 done
Event: 0.304 loading class java/nio/file/Files$AcceptAllFilter
Event: 0.304 loading class java/nio/file/DirectoryStream$Filter
Event: 0.304 loading class java/nio/file/DirectoryStream$Filter done
Event: 0.304 loading class java/nio/file/Files$AcceptAllFilter done
Event: 0.304 loading class sun/nio/fs/WindowsDirectoryStream
Event: 0.304 loading class java/nio/file/DirectoryStream
Event: 0.304 loading class java/nio/file/DirectoryStream done
Event: 0.304 loading class sun/nio/fs/WindowsDirectoryStream done
Event: 0.304 loading class sun/nio/fs/WindowsDirectoryStream$WindowsDirectoryIterator
Event: 0.305 loading class sun/nio/fs/WindowsDirectoryStream$WindowsDirectoryIterator done
Event: 0.305 loading class sun/nio/fs/WindowsPath$WindowsPathWithAttributes
Event: 0.305 loading class sun/nio/fs/BasicFileAttributesHolder
Event: 0.305 loading class sun/nio/fs/BasicFileAttributesHolder done
Event: 0.305 loading class sun/nio/fs/WindowsPath$WindowsPathWithAttributes done


Dynamic libraries:
0x00007ff6b14b0000 - 0x00007ff6b14ba000 	C:\Users\ONS\.jdks\jbr-17.0.8.1\bin\java.exe
0x00007ffb085b0000 - 0x00007ffb087c7000 	C:\WINDOWS\SYSTEM32\ntdll.dll
0x00007ffb081c0000 - 0x00007ffb08284000 	C:\WINDOWS\System32\KERNEL32.DLL
0x00007ffb05db0000 - 0x00007ffb06180000 	C:\WINDOWS\System32\KERNELBASE.dll
0x00007ffb06180000 - 0x00007ffb06291000 	C:\WINDOWS\System32\ucrtbase.dll
0x00007ffac3200000 - 0x00007ffac3217000 	C:\Users\ONS\.jdks\jbr-17.0.8.1\bin\jli.dll
0x00007ffacf5b0000 - 0x00007ffacf5cb000 	C:\Users\ONS\.jdks\jbr-17.0.8.1\bin\VCRUNTIME140.dll
0x00007ffb06380000 - 0x00007ffb0652e000 	C:\WINDOWS\System32\USER32.dll
0x00007ffb058e0000 - 0x00007ffb05906000 	C:\WINDOWS\System32\win32u.dll
0x00007ffb07000000 - 0x00007ffb07029000 	C:\WINDOWS\System32\GDI32.dll
0x00007ffae47a0000 - 0x00007ffae4a32000 	C:\WINDOWS\WinSxS\amd64_microsoft.windows.common-controls_6595b64144ccf1df_6.0.22621.4830_none_270fe7d773858e80\COMCTL32.dll
0x00007ffb05c90000 - 0x00007ffb05dab000 	C:\WINDOWS\System32\gdi32full.dll
0x00007ffb05a80000 - 0x00007ffb05b1a000 	C:\WINDOWS\System32\msvcp_win.dll
0x00007ffb07150000 - 0x00007ffb071f7000 	C:\WINDOWS\System32\msvcrt.dll
0x00007ffb06690000 - 0x00007ffb066c1000 	C:\WINDOWS\System32\IMM32.DLL
0x00007ffacf5a0000 - 0x00007ffacf5ac000 	C:\Users\ONS\.jdks\jbr-17.0.8.1\bin\vcruntime140_1.dll
0x00007ffabe680000 - 0x00007ffabe70d000 	C:\Users\ONS\.jdks\jbr-17.0.8.1\bin\msvcp140.dll
0x00007ffa75ca0000 - 0x00007ffa76923000 	C:\Users\ONS\.jdks\jbr-17.0.8.1\bin\server\jvm.dll
0x00007ffb06ac0000 - 0x00007ffb06b71000 	C:\WINDOWS\System32\ADVAPI32.dll
0x00007ffb06530000 - 0x00007ffb065d7000 	C:\WINDOWS\System32\sechost.dll
0x00007ffb05b20000 - 0x00007ffb05b48000 	C:\WINDOWS\System32\bcrypt.dll
0x00007ffb08440000 - 0x00007ffb08554000 	C:\WINDOWS\System32\RPCRT4.dll
0x00007ffaf9cc0000 - 0x00007ffaf9cc9000 	C:\WINDOWS\SYSTEM32\WSOCK32.dll
0x00007ffb05730000 - 0x00007ffb0577d000 	C:\WINDOWS\SYSTEM32\POWRPROF.dll
0x00007ffb06a40000 - 0x00007ffb06ab1000 	C:\WINDOWS\System32\WS2_32.dll
0x00007ffb00610000 - 0x00007ffb00644000 	C:\WINDOWS\SYSTEM32\WINMM.dll
0x00007ffafd2c0000 - 0x00007ffafd2ca000 	C:\WINDOWS\SYSTEM32\VERSION.dll
0x00007ffb05710000 - 0x00007ffb05723000 	C:\WINDOWS\SYSTEM32\UMPDC.dll
0x00007ffb04860000 - 0x00007ffb04878000 	C:\WINDOWS\SYSTEM32\kernel.appcore.dll
0x00007ffac73c0000 - 0x00007ffac73ca000 	C:\Users\ONS\.jdks\jbr-17.0.8.1\bin\jimage.dll
0x00007ffb031f0000 - 0x00007ffb03422000 	C:\WINDOWS\SYSTEM32\DBGHELP.DLL
0x00007ffb06c70000 - 0x00007ffb07000000 	C:\WINDOWS\System32\combase.dll
0x00007ffb062a0000 - 0x00007ffb06377000 	C:\WINDOWS\System32\OLEAUT32.dll
0x00007ffafdae0000 - 0x00007ffafdb12000 	C:\WINDOWS\SYSTEM32\dbgcore.DLL
0x00007ffb05860000 - 0x00007ffb058db000 	C:\WINDOWS\System32\bcryptPrimitives.dll
0x00007ffb01870000 - 0x00007ffb0187e000 	C:\Users\ONS\.jdks\jbr-17.0.8.1\bin\instrument.dll
0x00007ffabe650000 - 0x00007ffabe675000 	C:\Users\ONS\.jdks\jbr-17.0.8.1\bin\java.dll
0x00007ffabc780000 - 0x00007ffabc798000 	C:\Users\ONS\.jdks\jbr-17.0.8.1\bin\zip.dll
0x00007ffabc4f0000 - 0x00007ffabc5c7000 	C:\Users\ONS\.jdks\jbr-17.0.8.1\bin\jsvml.dll
0x00007ffb078e0000 - 0x00007ffb08158000 	C:\WINDOWS\System32\SHELL32.dll
0x00007ffb03760000 - 0x00007ffb04070000 	C:\WINDOWS\SYSTEM32\windows.storage.dll
0x00007ffb03620000 - 0x00007ffb0375f000 	C:\WINDOWS\SYSTEM32\wintypes.dll
0x00007ffb07030000 - 0x00007ffb0713a000 	C:\WINDOWS\System32\SHCORE.dll
0x00007ffb06b80000 - 0x00007ffb06bde000 	C:\WINDOWS\System32\shlwapi.dll
0x00007ffb05790000 - 0x00007ffb057bb000 	C:\WINDOWS\SYSTEM32\profapi.dll
0x00007ffabc760000 - 0x00007ffabc779000 	C:\Users\ONS\.jdks\jbr-17.0.8.1\bin\net.dll
0x00007ffb016b0000 - 0x00007ffb017dc000 	C:\WINDOWS\SYSTEM32\WINHTTP.dll
0x00007ffb04cd0000 - 0x00007ffb04d3a000 	C:\WINDOWS\system32\mswsock.dll
0x00007ffabc740000 - 0x00007ffabc756000 	C:\Users\ONS\.jdks\jbr-17.0.8.1\bin\nio.dll
0x00007ffb01530000 - 0x00007ffb0154a000 	C:\Program Files\JetBrains\IntelliJ IDEA 2023.2.2\bin\breakgen64.dll
0x00007ffb04340000 - 0x00007ffb04442000 	C:\WINDOWS\SYSTEM32\DNSAPI.dll
0x00007ffb04310000 - 0x00007ffb0433d000 	C:\WINDOWS\SYSTEM32\IPHLPAPI.DLL
0x00007ffb07140000 - 0x00007ffb07149000 	C:\WINDOWS\System32\NSI.dll
0x00007ffb00090000 - 0x00007ffb0009a000 	C:\Windows\System32\rasadhlp.dll
0x00007ffb000f0000 - 0x00007ffb00173000 	C:\WINDOWS\System32\fwpuclnt.dll
0x00007ffb01520000 - 0x00007ffb01529000 	C:\Users\ONS\.jdks\jbr-17.0.8.1\bin\management.dll
0x00007ffb001d0000 - 0x00007ffb001db000 	C:\Users\ONS\.jdks\jbr-17.0.8.1\bin\management_ext.dll
0x00007ffb081b0000 - 0x00007ffb081b8000 	C:\WINDOWS\System32\PSAPI.DLL
0x00007ffb05020000 - 0x00007ffb0503b000 	C:\WINDOWS\SYSTEM32\CRYPTSP.dll
0x00007ffb047c0000 - 0x00007ffb047f5000 	C:\WINDOWS\system32\rsaenh.dll
0x00007ffb04d70000 - 0x00007ffb04d98000 	C:\WINDOWS\SYSTEM32\USERENV.dll
0x00007ffb05000000 - 0x00007ffb0500c000 	C:\WINDOWS\SYSTEM32\CRYPTBASE.dll
0x00007ffb00a40000 - 0x00007ffb00a59000 	C:\WINDOWS\SYSTEM32\dhcpcsvc6.DLL
0x00007ffb00a00000 - 0x00007ffb00a1f000 	C:\WINDOWS\SYSTEM32\dhcpcsvc.DLL
0x00007ffadd7f0000 - 0x00007ffadd807000 	C:\WINDOWS\system32\napinsp.dll
0x00007ffadc9a0000 - 0x00007ffadc9bb000 	C:\WINDOWS\system32\pnrpnsp.dll
0x00007ffadc980000 - 0x00007ffadc991000 	C:\WINDOWS\System32\winrnr.dll
0x00007ffadc930000 - 0x00007ffadc957000 	C:\WINDOWS\system32\nlansp_c.dll

dbghelp: loaded successfully - version: 4.0.5 - missing functions: none
symbol engine: initialized successfully - sym options: 0x614 - pdb path: .;C:\Users\ONS\.jdks\jbr-17.0.8.1\bin;C:\WINDOWS\SYSTEM32;C:\WINDOWS\WinSxS\amd64_microsoft.windows.common-controls_6595b64144ccf1df_6.0.22621.4830_none_270fe7d773858e80;C:\Users\ONS\.jdks\jbr-17.0.8.1\bin\server;C:\Program Files\JetBrains\IntelliJ IDEA 2023.2.2\bin

VM Arguments:
jvm_args: -XX:TieredStopAtLevel=1 -Dspring.output.ansi.enabled=always -Dcom.sun.management.jmxremote -Dspring.jmx.enabled=true -Dspring.liveBeansView.mbeanDomain -Dspring.application.admin.enabled=true -Dmanagement.endpoints.jmx.exposure.include=* -javaagent:C:\Program Files\JetBrains\IntelliJ IDEA 2023.2.2\lib\idea_rt.jar=60585:C:\Program Files\JetBrains\IntelliJ IDEA 2023.2.2\bin -Dfile.encoding=UTF-8 
java_command: com.applications.hrmanagement.HrmanagementApplication
java_class_path (initial): C:\Users\ONS\Desktop\PI L'Earn\Hrmanagement\target\classes;C:\Users\ONS\.m2\repository\org\springdoc\springdoc-openapi-starter-webmvc-ui\2.2.0\springdoc-openapi-starter-webmvc-ui-2.2.0.jar;C:\Users\ONS\.m2\repository\org\springdoc\springdoc-openapi-starter-webmvc-api\2.2.0\springdoc-openapi-starter-webmvc-api-2.2.0.jar;C:\Users\ONS\.m2\repository\org\springdoc\springdoc-openapi-starter-common\2.2.0\springdoc-openapi-starter-common-2.2.0.jar;C:\Users\ONS\.m2\repository\io\swagger\core\v3\swagger-core-jakarta\2.2.15\swagger-core-jakarta-2.2.15.jar;C:\Users\ONS\.m2\repository\org\apache\commons\commons-lang3\3.17.0\commons-lang3-3.17.0.jar;C:\Users\ONS\.m2\repository\io\swagger\core\v3\swagger-annotations-jakarta\2.2.15\swagger-annotations-jakarta-2.2.15.jar;C:\Users\ONS\.m2\repository\io\swagger\core\v3\swagger-models-jakarta\2.2.15\swagger-models-jakarta-2.2.15.jar;C:\Users\ONS\.m2\repository\com\fasterxml\jackson\dataformat\jackson-dataformat-yaml\2.18.2\jackson-dataformat-yaml-2.18.2.jar;C:\Users\ONS\.m2\repository\org\webjars\swagger-ui\5.2.0\swagger-ui-5.2.0.jar;C:\Users\ONS\.m2\repository\org\springframework\boot\spring-boot-starter-data-mongodb\3.4.2\spring-boot-starter-data-mongodb-3.4.2.jar;C:\Users\ONS\.m2\repository\org\springframework\boot\spring-boot-starter\3.4.2\spring-boot-starter-3.4.2.jar;C:\Users\ONS\.m2\repository\org\springframework\boot\spring-boot-starter-logging\3.4.2\spring-boot-starter-logging-3.4.2.jar;C:\Users\ONS\.m2\repository\ch\qos\logback\logback-classic\1.5.16\logback-classic-1.5.16.jar;C:\Users\ONS\.m2\repository\ch\qos\logback\logback-core\1.5.16\logback-core-1.5.16.jar;C:\Users\ONS\.m2\repository\org\apache\logging\log4j\log4j-to-slf4j\2.24.3\log4j-to-slf4j-2.24.3.jar;C:\Users\ONS\.m2\repository\org\apache\logging\log4j\log4j-api\2.24.3\log4j-api-2.24.3.jar;C:\Users\ONS\.m2\repository\org\slf4j\jul-to-slf4j\2.0.16\jul-to-slf4j-2.0.16.jar;C:\Users\ONS\.m2\repository\jakarta\annotation\jakarta.annotation-
Launcher Type: SUN_STANDARD

[Global flags]
     intx CICompilerCount                          = 4                                         {product} {ergonomic}
     uint ConcGCThreads                            = 3                                         {product} {ergonomic}
     uint G1ConcRefinementThreads                  = 10                                        {product} {ergonomic}
   size_t G1HeapRegionSize                         = 2097152                                   {product} {ergonomic}
    uintx GCDrainStackTargetSize                   = 64                                        {product} {ergonomic}
   size_t InitialHeapSize                          = 264241152                                 {product} {ergonomic}
     bool ManagementServer                         = true                                      {product} {command line}
   size_t MarkStackSize                            = 4194304                                   {product} {ergonomic}
   size_t MaxHeapSize                              = 4219469824                                {product} {ergonomic}
   size_t MaxNewSize                               = 2531262464                                {product} {ergonomic}
   size_t MinHeapDeltaBytes                        = 2097152                                   {product} {ergonomic}
   size_t MinHeapSize                              = 8388608                                   {product} {ergonomic}
    uintx NonProfiledCodeHeapSize                  = 0                                      {pd product} {ergonomic}
     bool ProfileInterpreter                       = false                                  {pd product} {command line}
    uintx ProfiledCodeHeapSize                     = 0                                      {pd product} {ergonomic}
   size_t SoftMaxHeapSize                          = 4219469824                             {manageable} {ergonomic}
     intx TieredStopAtLevel                        = 1                                         {product} {command line}
     bool UseCompressedClassPointers               = true                           {product lp64_product} {ergonomic}
     bool UseCompressedOops                        = true                           {product lp64_product} {ergonomic}
     bool UseG1GC                                  = true                                      {product} {ergonomic}
     bool UseLargePagesIndividualAllocation        = false                                  {pd product} {ergonomic}

Logging:
Log output configuration:
 #0: stdout all=warning uptime,level,tags
 #1: stderr all=off uptime,level,tags

Environment Variables:
JAVA_HOME=C:\Program Files\Java\jdk-17
PATH=C:\Program Files\MongoDB\Server\8.0\bin;C:\Python312\;C:\oraclexe\app\oracle\product\11.2.0\server\bin;C:\Program Files (x86)\VMware\VMware Workstation\bin\;C:\WINDOWS\system32;C:\WINDOWS;C:\WINDOWS\System32\Wbem;C:\WINDOWS\System32\WindowsPowerShell\v1.0\;C:\WINDOWS\System32\OpenSSH\;C:\Strawberry\c\bin;C:\Strawberry\perl\site\bin;C:\Strawberry\perl\bin;C:\oraclexe\app\oracle\admin\XE;C:\oraclexe;C:\instantclient12_2;C:\Program Files (x86)\Git\cmd;C:\Program Files\Java\jdk-17\bin;C:\composer;C:\ProgramData\chocolatey\bin;C:\Program Files\gradle-7.6.3\bin;C:\Users\ONS\AppData\Local\Android\Sdk\cmdline-tools\latest\bin;C:\Users\ONS\AppData\Local\Android\Sdk\platform-tools;C:\Users\ONS\AppData\Local\Android\Sdk\build-tools\34.0.0;C:\Users\ONS\AppData\Local\Android\Sdk\emulator;C:\Program Files\Microsoft SQL Server\150\Tools\Binn\;C:\Program Files\Microsoft SQL Server\Client SDK\ODBC\170\Tools\Binn\;C:\Users\ONS\AppData\Roaming\nvm;C:\Program Files\nodejs;C:\Program Files (x86)\Microsoft SQL Server\160\Tools\Binn\;C:\Program Files\Microsoft SQL Server\160\Tools\Binn\;C:\Program Files\Microsoft SQL Server\160\DTS\Binn\;C:\mongosh-2.3.9-win32-x64\bin;C:\Program Files\Docker\Docker\resources\bin;C:\xampp\apache\bin;C:\Users\ONS\scoop\shims;C:\Users\ONS\AppData\Local\Microsoft\WindowsApps;C:\Users\ONS\AppData\Local\Programs\Microsoft VS Code\bin;C:\Users\ONS\AppData\Local\GitHubDesktop\bin;C:\Program Files\JetBrains\IntelliJ IDEA 2023.2.2\bin;;C:\Users\ONS\.jdks\jbr-17.0.8.1;C:\Users\ONS\AppData\Roaming\Composer\vendor\bin;C:\Users\ONS\AppData\Roaming\npm;C:\Users\ONS\AppData\Roaming\nvm;C:\Program Files\nodejs;C:\mongosh-2.3.9-win32-x64\bin;C:\Users\ONS\AppData\Local\Programs\mongosh\
USERNAME=ONS
OS=Windows_NT
PROCESSOR_IDENTIFIER=Intel64 Family 6 Model 154 Stepping 4, GenuineIntel
TMP=C:\Users\ONS\AppData\Local\Temp
TEMP=C:\Users\ONS\AppData\Local\Temp


JNI global refs:
JNI global refs: 17, weak refs: 0

JNI global refs memory usage: 843, weak refs: 209

OOME stack traces (most recent first):
Classloader memory used:
Loader bootstrap                                                                       : 1524K
Loader jdk.internal.loader.ClassLoaders$AppClassLoader                                 : 1519B
Loader jdk.internal.reflect.DelegatingClassLoader                                      : 402B


---------------  S Y S T E M  ---------------

OS:
 Windows 11 , 64 bit Build 22621 (10.0.22621.4830)
OS uptime: 0 days 1:38 hours
Hyper-V role detected

CPU: total 12 (initial active 12) (6 cores per cpu, 2 threads per core) family 6 model 154 stepping 4 microcode 0x432, cx8, cmov, fxsr, ht, mmx, 3dnowpref, sse, sse2, sse3, ssse3, sse4.1, sse4.2, popcnt, lzcnt, tsc, tscinvbit, avx, avx2, aes, erms, clmul, bmi1, bmi2, adx, sha, fma, vzeroupper, clflush, clflushopt, clwb, hv
Processor Information for processor 0
  Max Mhz: 1700, Current Mhz: 1700, Mhz Limit: 1700
Processor Information for processor 1
  Max Mhz: 1700, Current Mhz: 1700, Mhz Limit: 1700
Processor Information for processor 2
  Max Mhz: 1700, Current Mhz: 1700, Mhz Limit: 1700
Processor Information for processor 3
  Max Mhz: 1700, Current Mhz: 1700, Mhz Limit: 1700
Processor Information for processor 4
  Max Mhz: 1700, Current Mhz: 1200, Mhz Limit: 1190
Processor Information for processor 5
  Max Mhz: 1700, Current Mhz: 1200, Mhz Limit: 1190
Processor Information for processor 6
  Max Mhz: 1700, Current Mhz: 1200, Mhz Limit: 1190
Processor Information for processor 7
  Max Mhz: 1700, Current Mhz: 1200, Mhz Limit: 1190
Processor Information for processor 8
  Max Mhz: 1700, Current Mhz: 1200, Mhz Limit: 1190
Processor Information for processor 9
  Max Mhz: 1700, Current Mhz: 1200, Mhz Limit: 1190
Processor Information for processor 10
  Max Mhz: 1700, Current Mhz: 1200, Mhz Limit: 1190
Processor Information for processor 11
  Max Mhz: 1700, Current Mhz: 1200, Mhz Limit: 1190

Memory: 4k page, system-wide physical 16095M (3306M free)
TotalPageFile size 16127M (AvailPageFile size 1M)
current process WorkingSet (physical memory assigned to process): 59M, peak: 59M
current process commit charge ("private bytes"): 349M, peak: 350M

vm_info: OpenJDK 64-Bit Server VM (17.0.8.1+7-b1059.3) for windows-amd64 JRE (17.0.8.1+7-b1059.3), built on 2023-09-11 by "builduser" with MS VC++ 16.10 / 16.11 (VS2019)

END.
