#
# There is insufficient memory for the Java Runtime Environment to continue.
# Native memory allocation (mmap) failed to map 65536 bytes for Failed to commit metaspace.
# Possible reasons:
#   The system is out of physical RAM or swap space
#   The process is running with CompressedOops enabled, and the Java Heap may be blocking the growth of the native heap
# Possible solutions:
#   Reduce memory load on the system
#   Increase physical memory or swap space
#   Check if swap backing store is full
#   Decrease Java heap size (-Xmx/-Xms)
#   Decrease number of Java threads
#   Decrease Java thread stack sizes (-Xss)
#   Set larger code cache with -XX:ReservedCodeCacheSize=
#   JVM is running with Zero Based Compressed Oops mode in which the Java heap is
#     placed in the first 32GB address space. The Java Heap base address is the
#     maximum limit for the native heap growth. Please use -XX:HeapBaseMinAddress
#     to set the Java Heap base and to place the Java Heap above 32GB virtual address.
# This output file may be truncated or incomplete.
#
#  Out of Memory Error (virtualSpaceNode.cpp:110), pid=3944, tid=14404
#
# JRE version: OpenJDK Runtime Environment JBR-17.0.8.1+7-1059.3-nomod (17.0.8.1+7) (build 17.0.8.1+7-b1059.3)
# Java VM: OpenJDK 64-Bit Server VM JBR-17.0.8.1+7-1059.3-nomod (17.0.8.1+7-b1059.3, mixed mode, emulated-client, tiered, compressed oops, compressed class ptrs, g1 gc, windows-amd64)
# No core dump will be written. Minidumps are not enabled by default on client versions of Windows
#

---------------  S U M M A R Y ------------

Command Line: -XX:TieredStopAtLevel=1 -Dspring.output.ansi.enabled=always -Dcom.sun.management.jmxremote -Dspring.jmx.enabled=true -Dspring.liveBeansView.mbeanDomain -Dspring.application.admin.enabled=true -Dmanagement.endpoints.jmx.exposure.include=* -javaagent:C:\Program Files\JetBrains\IntelliJ IDEA 2023.2.2\lib\idea_rt.jar=61027:C:\Program Files\JetBrains\IntelliJ IDEA 2023.2.2\bin -Dfile.encoding=UTF-8 com.applications.hrmanagement.HrmanagementApplication

Host: 12th Gen Intel(R) Core(TM) i7-1255U, 12 cores, 15G,  Windows 11 , 64 bit Build 22621 (10.0.22621.4830)
Time: Wed Mar  5 10:45:10 2025 Maroc elapsed time: 0.862010 seconds (0d 0h 0m 0s)

---------------  T H R E A D  ---------------

Current thread (0x00000194059b1cf0):  JavaThread "main" [_thread_in_vm, id=14404, stack(0x0000008e15800000,0x0000008e15900000)]

Stack: [0x0000008e15800000,0x0000008e15900000]
Native frames: (J=compiled Java code, j=interpreted, Vv=VM code, C=native code)
V  [jvm.dll+0x6852da]
V  [jvm.dll+0x844ad4]
V  [jvm.dll+0x8463ee]
V  [jvm.dll+0x846a53]
V  [jvm.dll+0x24b7cf]
V  [jvm.dll+0x83fe8b]
V  [jvm.dll+0x6296c6]
V  [jvm.dll+0x1c2dee]
V  [jvm.dll+0x62c011]
V  [jvm.dll+0x62a066]
V  [jvm.dll+0x240a86]
V  [jvm.dll+0x1ef8dd]
V  [jvm.dll+0x1e529c]
V  [jvm.dll+0x54b27d]
V  [jvm.dll+0x7bec35]
V  [jvm.dll+0x7bed4e]
V  [jvm.dll+0x4148ba]
V  [jvm.dll+0x41aa39]
C  [java.dll+0x17ec]

Java frames: (J=compiled Java code, j=interpreted, Vv=VM code)
j  java.lang.ClassLoader.defineClass1(Ljava/lang/ClassLoader;Ljava/lang/String;[BIILjava/security/ProtectionDomain;Ljava/lang/String;)Ljava/lang/Class;+0 java.base@17.0.8.1
j  java.lang.ClassLoader.defineClass(Ljava/lang/String;[BIILjava/security/ProtectionDomain;)Ljava/lang/Class;+27 java.base@17.0.8.1
j  java.security.SecureClassLoader.defineClass(Ljava/lang/String;[BIILjava/security/CodeSource;)Ljava/lang/Class;+12 java.base@17.0.8.1
j  jdk.internal.loader.BuiltinClassLoader.defineClass(Ljava/lang/String;Ljdk/internal/loader/Resource;)Ljava/lang/Class;+117 java.base@17.0.8.1
j  jdk.internal.loader.BuiltinClassLoader.findClassOnClassPathOrNull(Ljava/lang/String;)Ljava/lang/Class;+37 java.base@17.0.8.1
J 928 c1 jdk.internal.loader.BuiltinClassLoader.loadClassOrNull(Ljava/lang/String;Z)Ljava/lang/Class; java.base@17.0.8.1 (143 bytes) @ 0x000001940ac3c604 [0x000001940ac3c180+0x0000000000000484]
J 1060 c1 jdk.internal.loader.ClassLoaders$AppClassLoader.loadClass(Ljava/lang/String;Z)Ljava/lang/Class; java.base@17.0.8.1 (40 bytes) @ 0x000001940ac7682c [0x000001940ac766e0+0x000000000000014c]
J 1059 c1 java.lang.ClassLoader.loadClass(Ljava/lang/String;)Ljava/lang/Class; java.base@17.0.8.1 (7 bytes) @ 0x000001940ac75c64 [0x000001940ac75c20+0x0000000000000044]
v  ~StubRoutines::call_stub
j  java.lang.ClassLoader.defineClass1(Ljava/lang/ClassLoader;Ljava/lang/String;[BIILjava/security/ProtectionDomain;Ljava/lang/String;)Ljava/lang/Class;+0 java.base@17.0.8.1
j  java.lang.ClassLoader.defineClass(Ljava/lang/String;[BIILjava/security/ProtectionDomain;)Ljava/lang/Class;+27 java.base@17.0.8.1
j  java.security.SecureClassLoader.defineClass(Ljava/lang/String;[BIILjava/security/CodeSource;)Ljava/lang/Class;+12 java.base@17.0.8.1
j  jdk.internal.loader.BuiltinClassLoader.defineClass(Ljava/lang/String;Ljdk/internal/loader/Resource;)Ljava/lang/Class;+117 java.base@17.0.8.1
j  jdk.internal.loader.BuiltinClassLoader.findClassOnClassPathOrNull(Ljava/lang/String;)Ljava/lang/Class;+37 java.base@17.0.8.1
J 928 c1 jdk.internal.loader.BuiltinClassLoader.loadClassOrNull(Ljava/lang/String;Z)Ljava/lang/Class; java.base@17.0.8.1 (143 bytes) @ 0x000001940ac3c604 [0x000001940ac3c180+0x0000000000000484]
J 1060 c1 jdk.internal.loader.ClassLoaders$AppClassLoader.loadClass(Ljava/lang/String;Z)Ljava/lang/Class; java.base@17.0.8.1 (40 bytes) @ 0x000001940ac7682c [0x000001940ac766e0+0x000000000000014c]
J 1059 c1 java.lang.ClassLoader.loadClass(Ljava/lang/String;)Ljava/lang/Class; java.base@17.0.8.1 (7 bytes) @ 0x000001940ac75c64 [0x000001940ac75c20+0x0000000000000044]
v  ~StubRoutines::call_stub
j  org.springframework.core.io.support.SpringFactoriesLoader.loadFactoriesResource(Ljava/lang/ClassLoader;Ljava/lang/String;)Ljava/util/Map;+23
j  org.springframework.core.io.support.SpringFactoriesLoader.lambda$forResourceLocation$2(Ljava/lang/ClassLoader;Ljava/lang/ClassLoader;Ljava/lang/String;Ljava/lang/String;)Lorg/springframework/core/io/support/SpringFactoriesLoader;+7
j  org.springframework.core.io.support.SpringFactoriesLoader$$Lambda$104+0x00000008001863c8.apply(Ljava/lang/Object;)Ljava/lang/Object;+16
j  java.util.concurrent.ConcurrentMap.computeIfAbsent(Ljava/lang/Object;Ljava/util/function/Function;)Ljava/lang/Object;+19 java.base@17.0.8.1
j  org.springframework.core.io.support.SpringFactoriesLoader.forResourceLocation(Ljava/lang/String;Ljava/lang/ClassLoader;)Lorg/springframework/core/io/support/SpringFactoriesLoader;+48
j  org.springframework.core.io.support.SpringFactoriesLoader.forDefaultResourceLocation(Ljava/lang/ClassLoader;)Lorg/springframework/core/io/support/SpringFactoriesLoader;+3
j  org.springframework.boot.SpringApplication.getSpringFactoriesInstances(Ljava/lang/Class;Lorg/springframework/core/io/support/SpringFactoriesLoader$ArgumentResolver;)Ljava/util/List;+4
j  org.springframework.boot.SpringApplication.getSpringFactoriesInstances(Ljava/lang/Class;)Ljava/util/List;+3
j  org.springframework.boot.SpringApplication.<init>(Lorg/springframework/core/io/ResourceLoader;[Ljava/lang/Class;)V+119
j  org.springframework.boot.SpringApplication.<init>([Ljava/lang/Class;)V+3
j  org.springframework.boot.SpringApplication.run([Ljava/lang/Class;[Ljava/lang/String;)Lorg/springframework/context/ConfigurableApplicationContext;+5
j  org.springframework.boot.SpringApplication.run(Ljava/lang/Class;[Ljava/lang/String;)Lorg/springframework/context/ConfigurableApplicationContext;+9
j  com.applications.hrmanagement.HrmanagementApplication.main([Ljava/lang/String;)V+3
v  ~StubRoutines::call_stub

---------------  P R O C E S S  ---------------

Threads class SMR info:
_java_thread_list=0x000001941f461500, length=14, elements={
0x00000194059b1cf0, 0x000001941a8b9260, 0x000001941a8bb000, 0x000001941a8df3b0,
0x000001941a8e0e90, 0x000001941a8e3770, 0x000001941a8e4040, 0x000001941a8e49c0,
0x000001941a8f6d70, 0x000001941a95a0a0, 0x000001941aa5bd80, 0x000001941f255380,
0x000001941f255860, 0x000001941f45d600
}

Java Threads: ( => current thread )
=>0x00000194059b1cf0 JavaThread "main" [_thread_in_vm, id=14404, stack(0x0000008e15800000,0x0000008e15900000)]
  0x000001941a8b9260 JavaThread "Reference Handler" daemon [_thread_blocked, id=19948, stack(0x0000008e15f00000,0x0000008e16000000)]
  0x000001941a8bb000 JavaThread "Finalizer" daemon [_thread_blocked, id=18744, stack(0x0000008e16000000,0x0000008e16100000)]
  0x000001941a8df3b0 JavaThread "Signal Dispatcher" daemon [_thread_blocked, id=17664, stack(0x0000008e16100000,0x0000008e16200000)]
  0x000001941a8e0e90 JavaThread "Attach Listener" daemon [_thread_blocked, id=3416, stack(0x0000008e16200000,0x0000008e16300000)]
  0x000001941a8e3770 JavaThread "Service Thread" daemon [_thread_blocked, id=20728, stack(0x0000008e16300000,0x0000008e16400000)]
  0x000001941a8e4040 JavaThread "Monitor Deflation Thread" daemon [_thread_blocked, id=20792, stack(0x0000008e16400000,0x0000008e16500000)]
  0x000001941a8e49c0 JavaThread "C1 CompilerThread0" daemon [_thread_blocked, id=19712, stack(0x0000008e16500000,0x0000008e16600000)]
  0x000001941a8f6d70 JavaThread "Sweeper thread" daemon [_thread_blocked, id=17712, stack(0x0000008e16600000,0x0000008e16700000)]
  0x000001941a95a0a0 JavaThread "Common-Cleaner" daemon [_thread_blocked, id=7388, stack(0x0000008e16700000,0x0000008e16800000)]
  0x000001941aa5bd80 JavaThread "C1 CompilerThread1" daemon [_thread_blocked, id=9588, stack(0x0000008e16800000,0x0000008e16900000)]
  0x000001941f255380 JavaThread "Monitor Ctrl-Break" daemon [_thread_in_native, id=3832, stack(0x0000008e16900000,0x0000008e16a00000)]
  0x000001941f255860 JavaThread "Notification Thread" daemon [_thread_blocked, id=3052, stack(0x0000008e16a00000,0x0000008e16b00000)]
  0x000001941f45d600 JavaThread "RMI TCP Accept-0" daemon [_thread_in_native, id=21112, stack(0x0000008e16b00000,0x0000008e16c00000)]

Other Threads:
  0x000001941a893780 VMThread "VM Thread" [stack: 0x0000008e15e00000,0x0000008e15f00000] [id=9456]
  0x000001941f45e6f0 WatcherThread [stack: 0x0000008e16c00000,0x0000008e16d00000] [id=21168]
  0x0000019405a1c0b0 GCTaskThread "GC Thread#0" [stack: 0x0000008e15900000,0x0000008e15a00000] [id=1896]
  0x0000019405a2ca90 ConcurrentGCThread "G1 Main Marker" [stack: 0x0000008e15a00000,0x0000008e15b00000] [id=1452]
  0x000001940584a3a0 ConcurrentGCThread "G1 Conc#0" [stack: 0x0000008e15b00000,0x0000008e15c00000] [id=15852]
  0x0000019405a4ea90 ConcurrentGCThread "G1 Refine#0" [stack: 0x0000008e15c00000,0x0000008e15d00000] [id=12252]
  0x000001941a39dbf0 ConcurrentGCThread "G1 Service" [stack: 0x0000008e15d00000,0x0000008e15e00000] [id=20724]

Threads with active compile tasks:

VM state: not at safepoint (normal execution)

VM Mutex/Monitor currently owned by a thread:  ([mutex/lock_event])
[0x00000194059abcd0] Metaspace_lock - owner thread: 0x00000194059b1cf0

Heap address: 0x0000000704800000, size: 4024 MB, Compressed Oops mode: Zero based, Oop shift amount: 3

CDS archive(s) not mapped
Compressed class space mapped at: 0x0000000800000000-0x0000000840000000, reserved size: 1073741824
Narrow klass base: 0x0000000800000000, Narrow klass shift: 0, Narrow klass range: 0x40000000

GC Precious Log:
 CPUs: 12 total, 12 available
 Memory: 16095M
 Large Page Support: Disabled
 NUMA Support: Disabled
 Compressed Oops: Enabled (Zero based)
 Heap Region Size: 2M
 Heap Min Capacity: 8M
 Heap Initial Capacity: 252M
 Heap Max Capacity: 4024M
 Pre-touch: Disabled
 Parallel Workers: 10
 Concurrent Workers: 3
 Concurrent Refinement Workers: 10
 Periodic GC: Disabled

Heap:
 garbage-first heap   total 258048K, used 16384K [0x0000000704800000, 0x0000000800000000)
  region size 2048K, 9 young (18432K), 0 survivors (0K)
 Metaspace       used 14666K, committed 14784K, reserved 1114112K
  class space    used 1538K, committed 1600K, reserved 1048576K

Heap Regions: E=young(eden), S=young(survivor), O=old, HS=humongous(starts), HC=humongous(continues), CS=collection set, F=free, OA=open archive, CA=closed archive, TAMS=top-at-mark-start (previous, next)
|   0|0x0000000704800000, 0x0000000704800000, 0x0000000704a00000|  0%| F|  |TAMS 0x0000000704800000, 0x0000000704800000| Untracked 
|   1|0x0000000704a00000, 0x0000000704a00000, 0x0000000704c00000|  0%| F|  |TAMS 0x0000000704a00000, 0x0000000704a00000| Untracked 
|   2|0x0000000704c00000, 0x0000000704c00000, 0x0000000704e00000|  0%| F|  |TAMS 0x0000000704c00000, 0x0000000704c00000| Untracked 
|   3|0x0000000704e00000, 0x0000000704e00000, 0x0000000705000000|  0%| F|  |TAMS 0x0000000704e00000, 0x0000000704e00000| Untracked 
|   4|0x0000000705000000, 0x0000000705000000, 0x0000000705200000|  0%| F|  |TAMS 0x0000000705000000, 0x0000000705000000| Untracked 
|   5|0x0000000705200000, 0x0000000705200000, 0x0000000705400000|  0%| F|  |TAMS 0x0000000705200000, 0x0000000705200000| Untracked 
|   6|0x0000000705400000, 0x0000000705400000, 0x0000000705600000|  0%| F|  |TAMS 0x0000000705400000, 0x0000000705400000| Untracked 
|   7|0x0000000705600000, 0x0000000705600000, 0x0000000705800000|  0%| F|  |TAMS 0x0000000705600000, 0x0000000705600000| Untracked 
|   8|0x0000000705800000, 0x0000000705800000, 0x0000000705a00000|  0%| F|  |TAMS 0x0000000705800000, 0x0000000705800000| Untracked 
|   9|0x0000000705a00000, 0x0000000705a00000, 0x0000000705c00000|  0%| F|  |TAMS 0x0000000705a00000, 0x0000000705a00000| Untracked 
|  10|0x0000000705c00000, 0x0000000705c00000, 0x0000000705e00000|  0%| F|  |TAMS 0x0000000705c00000, 0x0000000705c00000| Untracked 
|  11|0x0000000705e00000, 0x0000000705e00000, 0x0000000706000000|  0%| F|  |TAMS 0x0000000705e00000, 0x0000000705e00000| Untracked 
|  12|0x0000000706000000, 0x0000000706000000, 0x0000000706200000|  0%| F|  |TAMS 0x0000000706000000, 0x0000000706000000| Untracked 
|  13|0x0000000706200000, 0x0000000706200000, 0x0000000706400000|  0%| F|  |TAMS 0x0000000706200000, 0x0000000706200000| Untracked 
|  14|0x0000000706400000, 0x0000000706400000, 0x0000000706600000|  0%| F|  |TAMS 0x0000000706400000, 0x0000000706400000| Untracked 
|  15|0x0000000706600000, 0x0000000706600000, 0x0000000706800000|  0%| F|  |TAMS 0x0000000706600000, 0x0000000706600000| Untracked 
|  16|0x0000000706800000, 0x0000000706800000, 0x0000000706a00000|  0%| F|  |TAMS 0x0000000706800000, 0x0000000706800000| Untracked 
|  17|0x0000000706a00000, 0x0000000706a00000, 0x0000000706c00000|  0%| F|  |TAMS 0x0000000706a00000, 0x0000000706a00000| Untracked 
|  18|0x0000000706c00000, 0x0000000706c00000, 0x0000000706e00000|  0%| F|  |TAMS 0x0000000706c00000, 0x0000000706c00000| Untracked 
|  19|0x0000000706e00000, 0x0000000706e00000, 0x0000000707000000|  0%| F|  |TAMS 0x0000000706e00000, 0x0000000706e00000| Untracked 
|  20|0x0000000707000000, 0x0000000707000000, 0x0000000707200000|  0%| F|  |TAMS 0x0000000707000000, 0x0000000707000000| Untracked 
|  21|0x0000000707200000, 0x0000000707200000, 0x0000000707400000|  0%| F|  |TAMS 0x0000000707200000, 0x0000000707200000| Untracked 
|  22|0x0000000707400000, 0x0000000707400000, 0x0000000707600000|  0%| F|  |TAMS 0x0000000707400000, 0x0000000707400000| Untracked 
|  23|0x0000000707600000, 0x0000000707600000, 0x0000000707800000|  0%| F|  |TAMS 0x0000000707600000, 0x0000000707600000| Untracked 
|  24|0x0000000707800000, 0x0000000707800000, 0x0000000707a00000|  0%| F|  |TAMS 0x0000000707800000, 0x0000000707800000| Untracked 
|  25|0x0000000707a00000, 0x0000000707a00000, 0x0000000707c00000|  0%| F|  |TAMS 0x0000000707a00000, 0x0000000707a00000| Untracked 
|  26|0x0000000707c00000, 0x0000000707c00000, 0x0000000707e00000|  0%| F|  |TAMS 0x0000000707c00000, 0x0000000707c00000| Untracked 
|  27|0x0000000707e00000, 0x0000000707e00000, 0x0000000708000000|  0%| F|  |TAMS 0x0000000707e00000, 0x0000000707e00000| Untracked 
|  28|0x0000000708000000, 0x0000000708000000, 0x0000000708200000|  0%| F|  |TAMS 0x0000000708000000, 0x0000000708000000| Untracked 
|  29|0x0000000708200000, 0x0000000708200000, 0x0000000708400000|  0%| F|  |TAMS 0x0000000708200000, 0x0000000708200000| Untracked 
|  30|0x0000000708400000, 0x0000000708400000, 0x0000000708600000|  0%| F|  |TAMS 0x0000000708400000, 0x0000000708400000| Untracked 
|  31|0x0000000708600000, 0x0000000708600000, 0x0000000708800000|  0%| F|  |TAMS 0x0000000708600000, 0x0000000708600000| Untracked 
|  32|0x0000000708800000, 0x0000000708800000, 0x0000000708a00000|  0%| F|  |TAMS 0x0000000708800000, 0x0000000708800000| Untracked 
|  33|0x0000000708a00000, 0x0000000708a00000, 0x0000000708c00000|  0%| F|  |TAMS 0x0000000708a00000, 0x0000000708a00000| Untracked 
|  34|0x0000000708c00000, 0x0000000708c00000, 0x0000000708e00000|  0%| F|  |TAMS 0x0000000708c00000, 0x0000000708c00000| Untracked 
|  35|0x0000000708e00000, 0x0000000708e00000, 0x0000000709000000|  0%| F|  |TAMS 0x0000000708e00000, 0x0000000708e00000| Untracked 
|  36|0x0000000709000000, 0x0000000709000000, 0x0000000709200000|  0%| F|  |TAMS 0x0000000709000000, 0x0000000709000000| Untracked 
|  37|0x0000000709200000, 0x0000000709200000, 0x0000000709400000|  0%| F|  |TAMS 0x0000000709200000, 0x0000000709200000| Untracked 
|  38|0x0000000709400000, 0x0000000709400000, 0x0000000709600000|  0%| F|  |TAMS 0x0000000709400000, 0x0000000709400000| Untracked 
|  39|0x0000000709600000, 0x0000000709600000, 0x0000000709800000|  0%| F|  |TAMS 0x0000000709600000, 0x0000000709600000| Untracked 
|  40|0x0000000709800000, 0x0000000709800000, 0x0000000709a00000|  0%| F|  |TAMS 0x0000000709800000, 0x0000000709800000| Untracked 
|  41|0x0000000709a00000, 0x0000000709a00000, 0x0000000709c00000|  0%| F|  |TAMS 0x0000000709a00000, 0x0000000709a00000| Untracked 
|  42|0x0000000709c00000, 0x0000000709c00000, 0x0000000709e00000|  0%| F|  |TAMS 0x0000000709c00000, 0x0000000709c00000| Untracked 
|  43|0x0000000709e00000, 0x0000000709e00000, 0x000000070a000000|  0%| F|  |TAMS 0x0000000709e00000, 0x0000000709e00000| Untracked 
|  44|0x000000070a000000, 0x000000070a000000, 0x000000070a200000|  0%| F|  |TAMS 0x000000070a000000, 0x000000070a000000| Untracked 
|  45|0x000000070a200000, 0x000000070a200000, 0x000000070a400000|  0%| F|  |TAMS 0x000000070a200000, 0x000000070a200000| Untracked 
|  46|0x000000070a400000, 0x000000070a400000, 0x000000070a600000|  0%| F|  |TAMS 0x000000070a400000, 0x000000070a400000| Untracked 
|  47|0x000000070a600000, 0x000000070a600000, 0x000000070a800000|  0%| F|  |TAMS 0x000000070a600000, 0x000000070a600000| Untracked 
|  48|0x000000070a800000, 0x000000070a800000, 0x000000070aa00000|  0%| F|  |TAMS 0x000000070a800000, 0x000000070a800000| Untracked 
|  49|0x000000070aa00000, 0x000000070aa00000, 0x000000070ac00000|  0%| F|  |TAMS 0x000000070aa00000, 0x000000070aa00000| Untracked 
|  50|0x000000070ac00000, 0x000000070ac00000, 0x000000070ae00000|  0%| F|  |TAMS 0x000000070ac00000, 0x000000070ac00000| Untracked 
|  51|0x000000070ae00000, 0x000000070ae00000, 0x000000070b000000|  0%| F|  |TAMS 0x000000070ae00000, 0x000000070ae00000| Untracked 
|  52|0x000000070b000000, 0x000000070b000000, 0x000000070b200000|  0%| F|  |TAMS 0x000000070b000000, 0x000000070b000000| Untracked 
|  53|0x000000070b200000, 0x000000070b200000, 0x000000070b400000|  0%| F|  |TAMS 0x000000070b200000, 0x000000070b200000| Untracked 
|  54|0x000000070b400000, 0x000000070b400000, 0x000000070b600000|  0%| F|  |TAMS 0x000000070b400000, 0x000000070b400000| Untracked 
|  55|0x000000070b600000, 0x000000070b600000, 0x000000070b800000|  0%| F|  |TAMS 0x000000070b600000, 0x000000070b600000| Untracked 
|  56|0x000000070b800000, 0x000000070b800000, 0x000000070ba00000|  0%| F|  |TAMS 0x000000070b800000, 0x000000070b800000| Untracked 
|  57|0x000000070ba00000, 0x000000070ba00000, 0x000000070bc00000|  0%| F|  |TAMS 0x000000070ba00000, 0x000000070ba00000| Untracked 
|  58|0x000000070bc00000, 0x000000070bc00000, 0x000000070be00000|  0%| F|  |TAMS 0x000000070bc00000, 0x000000070bc00000| Untracked 
|  59|0x000000070be00000, 0x000000070be00000, 0x000000070c000000|  0%| F|  |TAMS 0x000000070be00000, 0x000000070be00000| Untracked 
|  60|0x000000070c000000, 0x000000070c000000, 0x000000070c200000|  0%| F|  |TAMS 0x000000070c000000, 0x000000070c000000| Untracked 
|  61|0x000000070c200000, 0x000000070c200000, 0x000000070c400000|  0%| F|  |TAMS 0x000000070c200000, 0x000000070c200000| Untracked 
|  62|0x000000070c400000, 0x000000070c400000, 0x000000070c600000|  0%| F|  |TAMS 0x000000070c400000, 0x000000070c400000| Untracked 
|  63|0x000000070c600000, 0x000000070c600000, 0x000000070c800000|  0%| F|  |TAMS 0x000000070c600000, 0x000000070c600000| Untracked 
|  64|0x000000070c800000, 0x000000070c800000, 0x000000070ca00000|  0%| F|  |TAMS 0x000000070c800000, 0x000000070c800000| Untracked 
|  65|0x000000070ca00000, 0x000000070ca00000, 0x000000070cc00000|  0%| F|  |TAMS 0x000000070ca00000, 0x000000070ca00000| Untracked 
|  66|0x000000070cc00000, 0x000000070cc00000, 0x000000070ce00000|  0%| F|  |TAMS 0x000000070cc00000, 0x000000070cc00000| Untracked 
|  67|0x000000070ce00000, 0x000000070ce00000, 0x000000070d000000|  0%| F|  |TAMS 0x000000070ce00000, 0x000000070ce00000| Untracked 
|  68|0x000000070d000000, 0x000000070d000000, 0x000000070d200000|  0%| F|  |TAMS 0x000000070d000000, 0x000000070d000000| Untracked 
|  69|0x000000070d200000, 0x000000070d200000, 0x000000070d400000|  0%| F|  |TAMS 0x000000070d200000, 0x000000070d200000| Untracked 
|  70|0x000000070d400000, 0x000000070d400000, 0x000000070d600000|  0%| F|  |TAMS 0x000000070d400000, 0x000000070d400000| Untracked 
|  71|0x000000070d600000, 0x000000070d600000, 0x000000070d800000|  0%| F|  |TAMS 0x000000070d600000, 0x000000070d600000| Untracked 
|  72|0x000000070d800000, 0x000000070d800000, 0x000000070da00000|  0%| F|  |TAMS 0x000000070d800000, 0x000000070d800000| Untracked 
|  73|0x000000070da00000, 0x000000070da00000, 0x000000070dc00000|  0%| F|  |TAMS 0x000000070da00000, 0x000000070da00000| Untracked 
|  74|0x000000070dc00000, 0x000000070dc00000, 0x000000070de00000|  0%| F|  |TAMS 0x000000070dc00000, 0x000000070dc00000| Untracked 
|  75|0x000000070de00000, 0x000000070de00000, 0x000000070e000000|  0%| F|  |TAMS 0x000000070de00000, 0x000000070de00000| Untracked 
|  76|0x000000070e000000, 0x000000070e000000, 0x000000070e200000|  0%| F|  |TAMS 0x000000070e000000, 0x000000070e000000| Untracked 
|  77|0x000000070e200000, 0x000000070e200000, 0x000000070e400000|  0%| F|  |TAMS 0x000000070e200000, 0x000000070e200000| Untracked 
|  78|0x000000070e400000, 0x000000070e400000, 0x000000070e600000|  0%| F|  |TAMS 0x000000070e400000, 0x000000070e400000| Untracked 
|  79|0x000000070e600000, 0x000000070e600000, 0x000000070e800000|  0%| F|  |TAMS 0x000000070e600000, 0x000000070e600000| Untracked 
|  80|0x000000070e800000, 0x000000070e800000, 0x000000070ea00000|  0%| F|  |TAMS 0x000000070e800000, 0x000000070e800000| Untracked 
|  81|0x000000070ea00000, 0x000000070ea00000, 0x000000070ec00000|  0%| F|  |TAMS 0x000000070ea00000, 0x000000070ea00000| Untracked 
|  82|0x000000070ec00000, 0x000000070ec00000, 0x000000070ee00000|  0%| F|  |TAMS 0x000000070ec00000, 0x000000070ec00000| Untracked 
|  83|0x000000070ee00000, 0x000000070ee00000, 0x000000070f000000|  0%| F|  |TAMS 0x000000070ee00000, 0x000000070ee00000| Untracked 
|  84|0x000000070f000000, 0x000000070f000000, 0x000000070f200000|  0%| F|  |TAMS 0x000000070f000000, 0x000000070f000000| Untracked 
|  85|0x000000070f200000, 0x000000070f200000, 0x000000070f400000|  0%| F|  |TAMS 0x000000070f200000, 0x000000070f200000| Untracked 
|  86|0x000000070f400000, 0x000000070f400000, 0x000000070f600000|  0%| F|  |TAMS 0x000000070f400000, 0x000000070f400000| Untracked 
|  87|0x000000070f600000, 0x000000070f600000, 0x000000070f800000|  0%| F|  |TAMS 0x000000070f600000, 0x000000070f600000| Untracked 
|  88|0x000000070f800000, 0x000000070f800000, 0x000000070fa00000|  0%| F|  |TAMS 0x000000070f800000, 0x000000070f800000| Untracked 
|  89|0x000000070fa00000, 0x000000070fa00000, 0x000000070fc00000|  0%| F|  |TAMS 0x000000070fa00000, 0x000000070fa00000| Untracked 
|  90|0x000000070fc00000, 0x000000070fc00000, 0x000000070fe00000|  0%| F|  |TAMS 0x000000070fc00000, 0x000000070fc00000| Untracked 
|  91|0x000000070fe00000, 0x000000070fe00000, 0x0000000710000000|  0%| F|  |TAMS 0x000000070fe00000, 0x000000070fe00000| Untracked 
|  92|0x0000000710000000, 0x0000000710000000, 0x0000000710200000|  0%| F|  |TAMS 0x0000000710000000, 0x0000000710000000| Untracked 
|  93|0x0000000710200000, 0x0000000710200000, 0x0000000710400000|  0%| F|  |TAMS 0x0000000710200000, 0x0000000710200000| Untracked 
|  94|0x0000000710400000, 0x0000000710400000, 0x0000000710600000|  0%| F|  |TAMS 0x0000000710400000, 0x0000000710400000| Untracked 
|  95|0x0000000710600000, 0x0000000710600000, 0x0000000710800000|  0%| F|  |TAMS 0x0000000710600000, 0x0000000710600000| Untracked 
|  96|0x0000000710800000, 0x0000000710800000, 0x0000000710a00000|  0%| F|  |TAMS 0x0000000710800000, 0x0000000710800000| Untracked 
|  97|0x0000000710a00000, 0x0000000710a00000, 0x0000000710c00000|  0%| F|  |TAMS 0x0000000710a00000, 0x0000000710a00000| Untracked 
|  98|0x0000000710c00000, 0x0000000710c00000, 0x0000000710e00000|  0%| F|  |TAMS 0x0000000710c00000, 0x0000000710c00000| Untracked 
|  99|0x0000000710e00000, 0x0000000710e00000, 0x0000000711000000|  0%| F|  |TAMS 0x0000000710e00000, 0x0000000710e00000| Untracked 
| 100|0x0000000711000000, 0x0000000711000000, 0x0000000711200000|  0%| F|  |TAMS 0x0000000711000000, 0x0000000711000000| Untracked 
| 101|0x0000000711200000, 0x0000000711200000, 0x0000000711400000|  0%| F|  |TAMS 0x0000000711200000, 0x0000000711200000| Untracked 
| 102|0x0000000711400000, 0x0000000711400000, 0x0000000711600000|  0%| F|  |TAMS 0x0000000711400000, 0x0000000711400000| Untracked 
| 103|0x0000000711600000, 0x0000000711600000, 0x0000000711800000|  0%| F|  |TAMS 0x0000000711600000, 0x0000000711600000| Untracked 
| 104|0x0000000711800000, 0x0000000711800000, 0x0000000711a00000|  0%| F|  |TAMS 0x0000000711800000, 0x0000000711800000| Untracked 
| 105|0x0000000711a00000, 0x0000000711a00000, 0x0000000711c00000|  0%| F|  |TAMS 0x0000000711a00000, 0x0000000711a00000| Untracked 
| 106|0x0000000711c00000, 0x0000000711c00000, 0x0000000711e00000|  0%| F|  |TAMS 0x0000000711c00000, 0x0000000711c00000| Untracked 
| 107|0x0000000711e00000, 0x0000000711e00000, 0x0000000712000000|  0%| F|  |TAMS 0x0000000711e00000, 0x0000000711e00000| Untracked 
| 108|0x0000000712000000, 0x0000000712000000, 0x0000000712200000|  0%| F|  |TAMS 0x0000000712000000, 0x0000000712000000| Untracked 
| 109|0x0000000712200000, 0x0000000712200000, 0x0000000712400000|  0%| F|  |TAMS 0x0000000712200000, 0x0000000712200000| Untracked 
| 110|0x0000000712400000, 0x0000000712400000, 0x0000000712600000|  0%| F|  |TAMS 0x0000000712400000, 0x0000000712400000| Untracked 
| 111|0x0000000712600000, 0x0000000712600000, 0x0000000712800000|  0%| F|  |TAMS 0x0000000712600000, 0x0000000712600000| Untracked 
| 112|0x0000000712800000, 0x0000000712800000, 0x0000000712a00000|  0%| F|  |TAMS 0x0000000712800000, 0x0000000712800000| Untracked 
| 113|0x0000000712a00000, 0x0000000712a00000, 0x0000000712c00000|  0%| F|  |TAMS 0x0000000712a00000, 0x0000000712a00000| Untracked 
| 114|0x0000000712c00000, 0x0000000712c00000, 0x0000000712e00000|  0%| F|  |TAMS 0x0000000712c00000, 0x0000000712c00000| Untracked 
| 115|0x0000000712e00000, 0x0000000712e00000, 0x0000000713000000|  0%| F|  |TAMS 0x0000000712e00000, 0x0000000712e00000| Untracked 
| 116|0x0000000713000000, 0x0000000713000000, 0x0000000713200000|  0%| F|  |TAMS 0x0000000713000000, 0x0000000713000000| Untracked 
| 117|0x0000000713200000, 0x00000007132780c0, 0x0000000713400000| 23%| E|  |TAMS 0x0000000713200000, 0x0000000713200000| Complete 
| 118|0x0000000713400000, 0x0000000713600000, 0x0000000713600000|100%| E|CS|TAMS 0x0000000713400000, 0x0000000713400000| Complete 
| 119|0x0000000713600000, 0x0000000713800000, 0x0000000713800000|100%| E|CS|TAMS 0x0000000713600000, 0x0000000713600000| Complete 
| 120|0x0000000713800000, 0x0000000713a00000, 0x0000000713a00000|100%| E|CS|TAMS 0x0000000713800000, 0x0000000713800000| Complete 
| 121|0x0000000713a00000, 0x0000000713c00000, 0x0000000713c00000|100%| E|CS|TAMS 0x0000000713a00000, 0x0000000713a00000| Complete 
| 122|0x0000000713c00000, 0x0000000713e00000, 0x0000000713e00000|100%| E|CS|TAMS 0x0000000713c00000, 0x0000000713c00000| Complete 
| 123|0x0000000713e00000, 0x0000000714000000, 0x0000000714000000|100%| E|CS|TAMS 0x0000000713e00000, 0x0000000713e00000| Complete 
| 124|0x0000000714000000, 0x0000000714200000, 0x0000000714200000|100%| E|CS|TAMS 0x0000000714000000, 0x0000000714000000| Complete 
| 125|0x0000000714200000, 0x0000000714400000, 0x0000000714400000|100%| E|CS|TAMS 0x0000000714200000, 0x0000000714200000| Complete 

Card table byte_map: [0x000001940ec40000,0x000001940f420000] _byte_map_base: 0x000001940b41c000

Marking Bits (Prev, Next): (CMBitMap*) 0x0000019405a1c5e0, (CMBitMap*) 0x0000019405a1c620
 Prev Bits: [0x000001940fc00000, 0x0000019413ae0000)
 Next Bits: [0x0000019413ae0000, 0x00000194179c0000)

Polling page: 0x0000019405a50000

Metaspace:

Usage:
  Non-class:     12.82 MB used.
      Class:      1.50 MB used.
       Both:     14.32 MB used.

Virtual space:
  Non-class space:       64.00 MB reserved,      12.88 MB ( 20%) committed,  1 nodes.
      Class space:        1.00 GB reserved,       1.56 MB ( <1%) committed,  1 nodes.
             Both:        1.06 GB reserved,      14.44 MB (  1%) committed. 

Chunk freelists:
   Non-Class:  2.67 MB
       Class:  14.46 MB
        Both:  17.14 MB

MaxMetaspaceSize: unlimited
CompressedClassSpaceSize: 1.00 GB
Initial GC threshold: 21.00 MB
Current GC threshold: 21.00 MB
CDS: off
MetaspaceReclaimPolicy: balanced
 - commit_granule_bytes: 65536.
 - commit_granule_words: 8192.
 - virtual_space_node_default_size: 8388608.
 - enlarge_chunks_in_place: 1.
 - new_chunks_are_fully_committed: 0.
 - uncommit_free_chunks: 1.
 - use_allocation_guard: 0.
 - handle_deallocations: 1.


Internal statistics:

num_allocs_failed_limit: 0.
num_arena_births: 114.
num_arena_deaths: 0.
num_vsnodes_births: 2.
num_vsnodes_deaths: 0.
num_space_committed: 231.
num_space_uncommitted: 0.
num_chunks_returned_to_freelist: 0.
num_chunks_taken_from_freelist: 215.
num_chunk_merges: 0.
num_chunk_splits: 132.
num_chunks_enlarged: 85.
num_inconsistent_stats: 0.

CodeCache: size=49152Kb used=3256Kb max_used=3256Kb free=45895Kb
 bounds [0x000001940a960000, 0x000001940ac90000, 0x000001940d960000]
 total_blobs=1562 nmethods=1112 adapters=377
 compilation: enabled
              stopped_count=0, restarted_count=0
 full_count=0

Compilation events (20 events):
Event: 0.854 Thread 0x000001941aa5bd80 1101       1       java.lang.invoke.DirectMethodHandle::<init> (148 bytes)
Event: 0.855 Thread 0x000001941a8e49c0 1104       1       java.lang.invoke.InvokerBytecodeGenerator::emitStoreResult (27 bytes)
Event: 0.855 Thread 0x000001941a8e49c0 nmethod 1104 0x000001940ac89810 code [0x000001940ac899c0, 0x000001940ac89b58]
Event: 0.855 Thread 0x000001941a8e49c0 1110       1       java.lang.invoke.InvokerBytecodeGenerator::emitPushArguments (45 bytes)
Event: 0.855 Thread 0x000001941aa5bd80 nmethod 1101 0x000001940ac89c90 code [0x000001940ac89e80, 0x000001940ac8a3a8]
Event: 0.855 Thread 0x000001941aa5bd80 1105       1       java.lang.invoke.LambdaForm$NamedFunction::intrinsicName (21 bytes)
Event: 0.855 Thread 0x000001941a8e49c0 nmethod 1110 0x000001940ac8a610 code [0x000001940ac8a7c0, 0x000001940ac8a9d8]
Event: 0.855 Thread 0x000001941a8e49c0 1106       1       java.lang.invoke.LambdaForm$NamedFunction::member (26 bytes)
Event: 0.855 Thread 0x000001941aa5bd80 nmethod 1105 0x000001940ac8ac10 code [0x000001940ac8adc0, 0x000001940ac8aee8]
Event: 0.855 Thread 0x000001941a8e49c0 nmethod 1106 0x000001940ac8af90 code [0x000001940ac8b120, 0x000001940ac8b1f8]
Event: 0.855 Thread 0x000001941aa5bd80 1107       1       java.lang.invoke.InvokerBytecodeGenerator::isStaticallyInvocable (165 bytes)
Event: 0.855 Thread 0x000001941a8e49c0 1108       1       java.lang.invoke.MemberName::isPrivate (8 bytes)
Event: 0.855 Thread 0x000001941a8e49c0 nmethod 1108 0x000001940ac8b290 code [0x000001940ac8b420, 0x000001940ac8b4f8]
Event: 0.855 Thread 0x000001941a8e49c0 1109       1       java.lang.invoke.InvokerBytecodeGenerator::emitStaticInvoke (258 bytes)
Event: 0.856 Thread 0x000001941a8e49c0 nmethod 1109 0x000001940ac8b590 code [0x000001940ac8b800, 0x000001940ac8bde8]
Event: 0.856 Thread 0x000001941a8e49c0 1111       1       jdk.internal.org.objectweb.asm.Type::getTypeInternal (199 bytes)
Event: 0.856 Thread 0x000001941aa5bd80 nmethod 1107 0x000001940ac8c190 code [0x000001940ac8c460, 0x000001940ac8cc68]
Event: 0.857 Thread 0x000001941a8e49c0 nmethod 1111 0x000001940ac8d010 code [0x000001940ac8d260, 0x000001940ac8da68]
Event: 0.858 Thread 0x000001941a8e49c0 1112       1       sun.invoke.util.VerifyAccess::isTypeVisible (47 bytes)
Event: 0.858 Thread 0x000001941a8e49c0 nmethod 1112 0x000001940ac8dd10 code [0x000001940ac8dec0, 0x000001940ac8e0b8]

GC Heap History (0 events):
No events

Dll operation events (4 events):
Event: 0.011 Loaded shared library C:\Users\ONS\.jdks\jbr-17.0.8.1\bin\java.dll
Event: 0.037 Loaded shared library C:\Users\ONS\.jdks\jbr-17.0.8.1\bin\jsvml.dll
Event: 0.159 Loaded shared library C:\Users\ONS\.jdks\jbr-17.0.8.1\bin\zip.dll
Event: 0.585 Loaded shared library C:\Users\ONS\.jdks\jbr-17.0.8.1\bin\verify.dll

Deoptimization events (0 events):
No events

Classes unloaded (0 events):
No events

Classes redefined (0 events):
No events

Internal exceptions (15 events):
Event: 0.249 Thread 0x000001941f255380 Exception <a 'java/lang/NoSuchMethodError'{0x0000000713c951d8}: 'java.lang.Object java.lang.invoke.DirectMethodHandle$Holder.invokeStaticInit(java.lang.Object)'> (0x0000000713c951d8) 
thrown [s\src\hotspot\share\interpreter\linkResolver.cpp, line 771]
Event: 0.258 Thread 0x000001941f255380 Exception <a 'java/lang/NoSuchMethodError'{0x0000000713ca26b0}: 'void java.lang.invoke.DirectMethodHandle$Holder.invokeStatic(java.lang.Object, java.lang.Object)'> (0x0000000713ca26b0) 
thrown [s\src\hotspot\share\interpreter\linkResolver.cpp, line 771]
Event: 0.306 Thread 0x00000194059b1cf0 Exception <a 'java/lang/NoSuchMethodError'{0x0000000713c79828}: 'int java.lang.invoke.DirectMethodHandle$Holder.invokeInterface(java.lang.Object, java.lang.Object)'> (0x0000000713c79828) 
thrown [s\src\hotspot\share\interpreter\linkResolver.cpp, line 771]
Event: 0.306 Thread 0x00000194059b1cf0 Exception <a 'java/lang/IncompatibleClassChangeError'{0x0000000713c7ce28}: Found class java.lang.Object, but interface was expected> (0x0000000713c7ce28) 
thrown [s\src\hotspot\share\interpreter\linkResolver.cpp, line 838]
Event: 0.366 Thread 0x00000194059b1cf0 Exception <a 'java/lang/NoSuchMethodError'{0x0000000713dba6f0}: 'int java.lang.invoke.DirectMethodHandle$Holder.invokeSpecial(java.lang.Object, java.lang.Object, java.lang.Object)'> (0x0000000713dba6f0) 
thrown [s\src\hotspot\share\interpreter\linkResolver.cpp, line 771]
Event: 0.424 Thread 0x00000194059b1cf0 Exception <a 'java/lang/NoSuchMethodError'{0x0000000713ac0e10}: 'void java.lang.invoke.DirectMethodHandle$Holder.invokeStatic(java.lang.Object, java.lang.Object, java.lang.Object)'> (0x0000000713ac0e10) 
thrown [s\src\hotspot\share\interpreter\linkResolver.cpp, line 771]
Event: 0.439 Thread 0x00000194059b1cf0 Exception <a 'java/lang/NoSuchMethodError'{0x0000000713b03ed8}: 'int java.lang.invoke.DirectMethodHandle$Holder.invokeSpecialIFC(java.lang.Object, java.lang.Object, java.lang.Object)'> (0x0000000713b03ed8) 
thrown [s\src\hotspot\share\interpreter\linkResolver.cpp, line 771]
Event: 0.469 Thread 0x00000194059b1cf0 Exception <a 'java/lang/NoSuchMethodError'{0x0000000713b7a748}: 'java.lang.Object java.lang.invoke.DirectMethodHandle$Holder.invokeStaticInit(java.lang.Object, int, int, int, int)'> (0x0000000713b7a748) 
thrown [s\src\hotspot\share\interpreter\linkResolver.cpp, line 771]
Event: 0.526 Thread 0x00000194059b1cf0 Exception <a 'java/lang/NoSuchMethodError'{0x000000071384e2c8}: 'java.lang.Object java.lang.invoke.DirectMethodHandle$Holder.invokeStaticInit(java.lang.Object, java.lang.Object, int, int, int, int)'> (0x000000071384e2c8) 
thrown [s\src\hotspot\share\interpreter\linkResolver.cpp, line 771]
Event: 0.542 Thread 0x00000194059b1cf0 Exception <a 'java/lang/ClassNotFoundException'{0x000000071386c868}: javax/management/remote/rmi/RMIServerImpl_Skel> (0x000000071386c868) 
thrown [s\src\hotspot\share\classfile\systemDictionary.cpp, line 256]
Event: 0.662 Thread 0x00000194059b1cf0 Exception <a 'java/lang/NoSuchMethodError'{0x00000007137c65a0}: 'java.lang.Object java.lang.invoke.DirectMethodHandle$Holder.invokeSpecial(java.lang.Object, java.lang.Object, java.lang.Object, long, java.lang.Object)'> (0x00000007137c65a0) 
thrown [s\src\hotspot\share\interpreter\linkResolver.cpp, line 771]
Event: 0.663 Thread 0x00000194059b1cf0 Exception <a 'java/lang/NoSuchMethodError'{0x00000007137ca518}: 'java.lang.Object java.lang.invoke.Invokers$Holder.linkToTargetMethod(java.lang.Object, long, java.lang.Object, java.lang.Object)'> (0x00000007137ca518) 
thrown [s\src\hotspot\share\interpreter\linkResolver.cpp, line 771]
Event: 0.677 Thread 0x00000194059b1cf0 Exception <a 'java/lang/ClassNotFoundException'{0x00000007137f1510}: javax/smartcardio/CardPermission> (0x00000007137f1510) 
thrown [s\src\hotspot\share\classfile\systemDictionary.cpp, line 256]
Event: 0.679 Thread 0x00000194059b1cf0 Exception <a 'java/io/FileNotFoundException'{0x00000007137ff688}> (0x00000007137ff688) 
thrown [s\src\hotspot\share\prims\jni.cpp, line 517]
Event: 0.846 Thread 0x00000194059b1cf0 Exception <a 'java/lang/NoSuchMethodError'{0x00000007135f0710}: 'void java.lang.invoke.DirectMethodHandle$Holder.invokeStatic(java.lang.Object, java.lang.Object, java.lang.Object, java.lang.Object)'> (0x00000007135f0710) 
thrown [s\src\hotspot\share\interpreter\linkResolver.cpp, line 771]

VM Operations (12 events):
Event: 0.146 Executing VM operation: HandshakeAllThreads
Event: 0.146 Executing VM operation: HandshakeAllThreads done
Event: 0.246 Executing VM operation: HandshakeAllThreads
Event: 0.246 Executing VM operation: HandshakeAllThreads done
Event: 0.313 Executing VM operation: HandshakeAllThreads
Event: 0.313 Executing VM operation: HandshakeAllThreads done
Event: 0.457 Executing VM operation: HandshakeAllThreads
Event: 0.457 Executing VM operation: HandshakeAllThreads done
Event: 0.597 Executing VM operation: HandshakeAllThreads
Event: 0.597 Executing VM operation: HandshakeAllThreads done
Event: 0.617 Executing VM operation: HandshakeAllThreads
Event: 0.617 Executing VM operation: HandshakeAllThreads done

Events (20 events):
Event: 0.796 loading class java/time/chrono/ChronoPeriod done
Event: 0.796 loading class java/time/Period done
Event: 0.797 loading class java/util/concurrent/atomic/AtomicReference
Event: 0.798 loading class java/util/concurrent/atomic/AtomicReference done
Event: 0.801 loading class java/lang/NumberFormatException
Event: 0.801 loading class java/lang/NumberFormatException done
Event: 0.814 loading class java/util/concurrent/TimeoutException
Event: 0.814 loading class java/util/concurrent/TimeoutException done
Event: 0.833 loading class java/lang/IllegalAccessError
Event: 0.833 loading class java/lang/IllegalAccessError done
Event: 0.838 loading class java/util/IdentityHashMap$EntrySet
Event: 0.838 loading class java/util/IdentityHashMap$EntrySet done
Event: 0.838 loading class java/util/IdentityHashMap$EntryIterator
Event: 0.839 loading class java/util/IdentityHashMap$IdentityHashMapIterator
Event: 0.839 loading class java/util/IdentityHashMap$IdentityHashMapIterator done
Event: 0.839 loading class java/util/IdentityHashMap$EntryIterator done
Event: 0.839 loading class java/util/IdentityHashMap$EntryIterator$Entry
Event: 0.839 loading class java/util/IdentityHashMap$EntryIterator$Entry done
Event: 0.839 loading class java/util/IdentityHashMap$ValueIterator
Event: 0.839 loading class java/util/IdentityHashMap$ValueIterator done


Dynamic libraries:
0x00007ff616cf0000 - 0x00007ff616cfa000 	C:\Users\ONS\.jdks\jbr-17.0.8.1\bin\java.exe
0x00007ff947030000 - 0x00007ff947247000 	C:\WINDOWS\SYSTEM32\ntdll.dll
0x00007ff9465d0000 - 0x00007ff946694000 	C:\WINDOWS\System32\KERNEL32.DLL
0x00007ff944610000 - 0x00007ff9449e0000 	C:\WINDOWS\System32\KERNELBASE.dll
0x00007ff944380000 - 0x00007ff944491000 	C:\WINDOWS\System32\ucrtbase.dll
0x00007ff93f2d0000 - 0x00007ff93f2eb000 	C:\Users\ONS\.jdks\jbr-17.0.8.1\bin\VCRUNTIME140.dll
0x00007ff927200000 - 0x00007ff927217000 	C:\Users\ONS\.jdks\jbr-17.0.8.1\bin\jli.dll
0x00007ff946d90000 - 0x00007ff946f3e000 	C:\WINDOWS\System32\USER32.dll
0x00007ff944cf0000 - 0x00007ff944d16000 	C:\WINDOWS\System32\win32u.dll
0x00007ff9291f0000 - 0x00007ff929482000 	C:\WINDOWS\WinSxS\amd64_microsoft.windows.common-controls_6595b64144ccf1df_6.0.22621.4830_none_270fe7d773858e80\COMCTL32.dll
0x00007ff946fc0000 - 0x00007ff946fe9000 	C:\WINDOWS\System32\GDI32.dll
0x00007ff946150000 - 0x00007ff9461f7000 	C:\WINDOWS\System32\msvcrt.dll
0x00007ff944a60000 - 0x00007ff944b7b000 	C:\WINDOWS\System32\gdi32full.dll
0x00007ff9442e0000 - 0x00007ff94437a000 	C:\WINDOWS\System32\msvcp_win.dll
0x00007ff946280000 - 0x00007ff9462b1000 	C:\WINDOWS\System32\IMM32.DLL
0x00007ff93f2c0000 - 0x00007ff93f2cc000 	C:\Users\ONS\.jdks\jbr-17.0.8.1\bin\vcruntime140_1.dll
0x00007ff8e6140000 - 0x00007ff8e61cd000 	C:\Users\ONS\.jdks\jbr-17.0.8.1\bin\msvcp140.dll
0x00007ff8c2e40000 - 0x00007ff8c3ac3000 	C:\Users\ONS\.jdks\jbr-17.0.8.1\bin\server\jvm.dll
0x00007ff9466a0000 - 0x00007ff946751000 	C:\WINDOWS\System32\ADVAPI32.dll
0x00007ff946760000 - 0x00007ff946807000 	C:\WINDOWS\System32\sechost.dll
0x00007ff944cc0000 - 0x00007ff944ce8000 	C:\WINDOWS\System32\bcrypt.dll
0x00007ff9464b0000 - 0x00007ff9465c4000 	C:\WINDOWS\System32\RPCRT4.dll
0x00007ff9441b0000 - 0x00007ff9441fd000 	C:\WINDOWS\SYSTEM32\POWRPROF.dll
0x00007ff915710000 - 0x00007ff915719000 	C:\WINDOWS\SYSTEM32\WSOCK32.dll
0x00007ff9379c0000 - 0x00007ff9379ca000 	C:\WINDOWS\SYSTEM32\VERSION.dll
0x00007ff946f40000 - 0x00007ff946fb1000 	C:\WINDOWS\System32\WS2_32.dll
0x00007ff93df10000 - 0x00007ff93df44000 	C:\WINDOWS\SYSTEM32\WINMM.dll
0x00007ff944190000 - 0x00007ff9441a3000 	C:\WINDOWS\SYSTEM32\UMPDC.dll
0x00007ff9432e0000 - 0x00007ff9432f8000 	C:\WINDOWS\SYSTEM32\kernel.appcore.dll
0x00007ff928ca0000 - 0x00007ff928caa000 	C:\Users\ONS\.jdks\jbr-17.0.8.1\bin\jimage.dll
0x00007ff941ae0000 - 0x00007ff941d12000 	C:\WINDOWS\SYSTEM32\DBGHELP.DLL
0x00007ff945b50000 - 0x00007ff945ee0000 	C:\WINDOWS\System32\combase.dll
0x00007ff9463d0000 - 0x00007ff9464a7000 	C:\WINDOWS\System32\OLEAUT32.dll
0x00007ff920aa0000 - 0x00007ff920ad2000 	C:\WINDOWS\SYSTEM32\dbgcore.DLL
0x00007ff9449e0000 - 0x00007ff944a5b000 	C:\WINDOWS\System32\bcryptPrimitives.dll
0x00007ff9271f0000 - 0x00007ff9271fe000 	C:\Users\ONS\.jdks\jbr-17.0.8.1\bin\instrument.dll
0x00007ff9229b0000 - 0x00007ff9229d5000 	C:\Users\ONS\.jdks\jbr-17.0.8.1\bin\java.dll
0x00007ff9271a0000 - 0x00007ff9271b8000 	C:\Users\ONS\.jdks\jbr-17.0.8.1\bin\zip.dll
0x00007ff8e6060000 - 0x00007ff8e6137000 	C:\Users\ONS\.jdks\jbr-17.0.8.1\bin\jsvml.dll
0x00007ff9451a0000 - 0x00007ff945a18000 	C:\WINDOWS\System32\SHELL32.dll
0x00007ff9421e0000 - 0x00007ff942af0000 	C:\WINDOWS\SYSTEM32\windows.storage.dll
0x00007ff9420a0000 - 0x00007ff9421df000 	C:\WINDOWS\SYSTEM32\wintypes.dll
0x00007ff946040000 - 0x00007ff94614a000 	C:\WINDOWS\System32\SHCORE.dll
0x00007ff946b70000 - 0x00007ff946bce000 	C:\WINDOWS\System32\shlwapi.dll
0x00007ff944210000 - 0x00007ff94423b000 	C:\WINDOWS\SYSTEM32\profapi.dll
0x00007ff926840000 - 0x00007ff926859000 	C:\Users\ONS\.jdks\jbr-17.0.8.1\bin\net.dll
0x00007ff93f930000 - 0x00007ff93fa5c000 	C:\WINDOWS\SYSTEM32\WINHTTP.dll
0x00007ff943750000 - 0x00007ff9437ba000 	C:\WINDOWS\system32\mswsock.dll
0x00007ff918d70000 - 0x00007ff918d86000 	C:\Users\ONS\.jdks\jbr-17.0.8.1\bin\nio.dll
0x00007ff918c10000 - 0x00007ff918c2a000 	C:\Program Files\JetBrains\IntelliJ IDEA 2023.2.2\bin\breakgen64.dll
0x00007ff942d80000 - 0x00007ff942e82000 	C:\WINDOWS\SYSTEM32\DNSAPI.dll
0x00007ff942d50000 - 0x00007ff942d7d000 	C:\WINDOWS\SYSTEM32\IPHLPAPI.DLL
0x00007ff9463c0000 - 0x00007ff9463c9000 	C:\WINDOWS\System32\NSI.dll
0x00007ff93b820000 - 0x00007ff93b82a000 	C:\Windows\System32\rasadhlp.dll
0x00007ff93bc70000 - 0x00007ff93bcf3000 	C:\WINDOWS\System32\fwpuclnt.dll
0x00007ff920ae0000 - 0x00007ff920ae9000 	C:\Users\ONS\.jdks\jbr-17.0.8.1\bin\management.dll
0x00007ff920000000 - 0x00007ff92000b000 	C:\Users\ONS\.jdks\jbr-17.0.8.1\bin\management_ext.dll
0x00007ff946d80000 - 0x00007ff946d88000 	C:\WINDOWS\System32\PSAPI.DLL
0x00007ff943aa0000 - 0x00007ff943abb000 	C:\WINDOWS\SYSTEM32\CRYPTSP.dll
0x00007ff943240000 - 0x00007ff943275000 	C:\WINDOWS\system32\rsaenh.dll
0x00007ff9437f0000 - 0x00007ff943818000 	C:\WINDOWS\SYSTEM32\USERENV.dll
0x00007ff943a80000 - 0x00007ff943a8c000 	C:\WINDOWS\SYSTEM32\CRYPTBASE.dll
0x00007ff93f270000 - 0x00007ff93f289000 	C:\WINDOWS\SYSTEM32\dhcpcsvc6.DLL
0x00007ff93e390000 - 0x00007ff93e3af000 	C:\WINDOWS\SYSTEM32\dhcpcsvc.DLL
0x00007ff91cde0000 - 0x00007ff91cdf7000 	C:\WINDOWS\system32\napinsp.dll
0x00007ff91cdc0000 - 0x00007ff91cddb000 	C:\WINDOWS\system32\pnrpnsp.dll
0x00007ff91cda0000 - 0x00007ff91cdb1000 	C:\WINDOWS\System32\winrnr.dll
0x00007ff93e230000 - 0x00007ff93e245000 	C:\WINDOWS\system32\wshbth.dll
0x00007ff91cd70000 - 0x00007ff91cd97000 	C:\WINDOWS\system32\nlansp_c.dll
0x00007ff927320000 - 0x00007ff927330000 	C:\Users\ONS\.jdks\jbr-17.0.8.1\bin\verify.dll

dbghelp: loaded successfully - version: 4.0.5 - missing functions: none
symbol engine: initialized successfully - sym options: 0x614 - pdb path: .;C:\Users\ONS\.jdks\jbr-17.0.8.1\bin;C:\WINDOWS\SYSTEM32;C:\WINDOWS\WinSxS\amd64_microsoft.windows.common-controls_6595b64144ccf1df_6.0.22621.4830_none_270fe7d773858e80;C:\Users\ONS\.jdks\jbr-17.0.8.1\bin\server;C:\Program Files\JetBrains\IntelliJ IDEA 2023.2.2\bin

VM Arguments:
jvm_args: -XX:TieredStopAtLevel=1 -Dspring.output.ansi.enabled=always -Dcom.sun.management.jmxremote -Dspring.jmx.enabled=true -Dspring.liveBeansView.mbeanDomain -Dspring.application.admin.enabled=true -Dmanagement.endpoints.jmx.exposure.include=* -javaagent:C:\Program Files\JetBrains\IntelliJ IDEA 2023.2.2\lib\idea_rt.jar=61027:C:\Program Files\JetBrains\IntelliJ IDEA 2023.2.2\bin -Dfile.encoding=UTF-8 
java_command: com.applications.hrmanagement.HrmanagementApplication
java_class_path (initial): C:\Users\ONS\Desktop\PI L'Earn\Hrmanagement\target\classes;C:\Users\ONS\.m2\repository\org\springframework\boot\spring-boot-starter-data-mongodb\3.2.0\spring-boot-starter-data-mongodb-3.2.0.jar;C:\Users\ONS\.m2\repository\org\springframework\boot\spring-boot-starter\3.2.0\spring-boot-starter-3.2.0.jar;C:\Users\ONS\.m2\repository\org\springframework\boot\spring-boot-starter-logging\3.2.0\spring-boot-starter-logging-3.2.0.jar;C:\Users\ONS\.m2\repository\ch\qos\logback\logback-classic\1.4.11\logback-classic-1.4.11.jar;C:\Users\ONS\.m2\repository\ch\qos\logback\logback-core\1.4.11\logback-core-1.4.11.jar;C:\Users\ONS\.m2\repository\org\apache\logging\log4j\log4j-to-slf4j\2.21.1\log4j-to-slf4j-2.21.1.jar;C:\Users\ONS\.m2\repository\org\apache\logging\log4j\log4j-api\2.21.1\log4j-api-2.21.1.jar;C:\Users\ONS\.m2\repository\org\slf4j\jul-to-slf4j\2.0.9\jul-to-slf4j-2.0.9.jar;C:\Users\ONS\.m2\repository\jakarta\annotation\jakarta.annotation-api\2.1.1\jakarta.annotation-api-2.1.1.jar;C:\Users\ONS\.m2\repository\org\yaml\snakeyaml\2.2\snakeyaml-2.2.jar;C:\Users\ONS\.m2\repository\org\mongodb\mongodb-driver-sync\4.11.1\mongodb-driver-sync-4.11.1.jar;C:\Users\ONS\.m2\repository\org\mongodb\bson\4.11.1\bson-4.11.1.jar;C:\Users\ONS\.m2\repository\org\mongodb\mongodb-driver-core\4.11.1\mongodb-driver-core-4.11.1.jar;C:\Users\ONS\.m2\repository\org\mongodb\bson-record-codec\4.11.1\bson-record-codec-4.11.1.jar;C:\Users\ONS\.m2\repository\org\springframework\data\spring-data-mongodb\4.2.0\spring-data-mongodb-4.2.0.jar;C:\Users\ONS\.m2\repository\org\springframework\spring-tx\6.1.1\spring-tx-6.1.1.jar;C:\Users\ONS\.m2\repository\org\springframework\spring-context\6.1.1\spring-context-6.1.1.jar;C:\Users\ONS\.m2\repository\org\springframework\spring-beans\6.1.1\spring-beans-6.1.1.jar;C:\Users\ONS\.m2\repository\org\springframework\spring-expression\6.1.1\spring-expression-6.1.1.jar;C:\Users\ONS\.m2\repository\org\springframework\data\spring-data-commons\3.2.0
Launcher Type: SUN_STANDARD

[Global flags]
     intx CICompilerCount                          = 4                                         {product} {ergonomic}
     uint ConcGCThreads                            = 3                                         {product} {ergonomic}
     uint G1ConcRefinementThreads                  = 10                                        {product} {ergonomic}
   size_t G1HeapRegionSize                         = 2097152                                   {product} {ergonomic}
    uintx GCDrainStackTargetSize                   = 64                                        {product} {ergonomic}
   size_t InitialHeapSize                          = 264241152                                 {product} {ergonomic}
     bool ManagementServer                         = true                                      {product} {command line}
   size_t MarkStackSize                            = 4194304                                   {product} {ergonomic}
   size_t MaxHeapSize                              = 4219469824                                {product} {ergonomic}
   size_t MaxNewSize                               = 2531262464                                {product} {ergonomic}
   size_t MinHeapDeltaBytes                        = 2097152                                   {product} {ergonomic}
   size_t MinHeapSize                              = 8388608                                   {product} {ergonomic}
    uintx NonProfiledCodeHeapSize                  = 0                                      {pd product} {ergonomic}
     bool ProfileInterpreter                       = false                                  {pd product} {command line}
    uintx ProfiledCodeHeapSize                     = 0                                      {pd product} {ergonomic}
   size_t SoftMaxHeapSize                          = 4219469824                             {manageable} {ergonomic}
     intx TieredStopAtLevel                        = 1                                         {product} {command line}
     bool UseCompressedClassPointers               = true                           {product lp64_product} {ergonomic}
     bool UseCompressedOops                        = true                           {product lp64_product} {ergonomic}
     bool UseG1GC                                  = true                                      {product} {ergonomic}
     bool UseLargePagesIndividualAllocation        = false                                  {pd product} {ergonomic}

Logging:
Log output configuration:
 #0: stdout all=warning uptime,level,tags
 #1: stderr all=off uptime,level,tags

Environment Variables:
JAVA_HOME=C:\Program Files\Java\jdk-17
PATH=C:\Program Files\MongoDB\Server\8.0\bin;C:\Python312\;C:\oraclexe\app\oracle\product\11.2.0\server\bin;C:\Program Files (x86)\VMware\VMware Workstation\bin\;C:\WINDOWS\system32;C:\WINDOWS;C:\WINDOWS\System32\Wbem;C:\WINDOWS\System32\WindowsPowerShell\v1.0\;C:\WINDOWS\System32\OpenSSH\;C:\Strawberry\c\bin;C:\Strawberry\perl\site\bin;C:\Strawberry\perl\bin;C:\oraclexe\app\oracle\admin\XE;C:\oraclexe;C:\instantclient12_2;C:\Program Files (x86)\Git\cmd;C:\Program Files\Java\jdk-17\bin;C:\composer;C:\ProgramData\chocolatey\bin;C:\Program Files\gradle-7.6.3\bin;C:\Users\ONS\AppData\Local\Android\Sdk\cmdline-tools\latest\bin;C:\Users\ONS\AppData\Local\Android\Sdk\platform-tools;C:\Users\ONS\AppData\Local\Android\Sdk\build-tools\34.0.0;C:\Users\ONS\AppData\Local\Android\Sdk\emulator;C:\Program Files\Microsoft SQL Server\150\Tools\Binn\;C:\Program Files\Microsoft SQL Server\Client SDK\ODBC\170\Tools\Binn\;C:\Users\ONS\AppData\Roaming\nvm;C:\Program Files\nodejs;C:\Program Files (x86)\Microsoft SQL Server\160\Tools\Binn\;C:\Program Files\Microsoft SQL Server\160\Tools\Binn\;C:\Program Files\Microsoft SQL Server\160\DTS\Binn\;C:\mongosh-2.3.9-win32-x64\bin;C:\Program Files\Docker\Docker\resources\bin;C:\xampp\apache\bin;C:\Users\ONS\.trae;C:\Users\ONS\scoop\shims;C:\Users\ONS\AppData\Local\Microsoft\WindowsApps;C:\Users\ONS\AppData\Local\Programs\Microsoft VS Code\bin;C:\Users\ONS\AppData\Local\GitHubDesktop\bin;C:\Program Files\JetBrains\IntelliJ IDEA 2023.2.2\bin;;C:\Users\ONS\.jdks\jbr-17.0.8.1;C:\Users\ONS\AppData\Roaming\Composer\vendor\bin;C:\Users\ONS\AppData\Roaming\npm;C:\Users\ONS\AppData\Roaming\nvm;C:\Program Files\nodejs;C:\mongosh-2.3.9-win32-x64\bin;C:\Users\ONS\AppData\Local\Programs\mongosh\
USERNAME=ONS
OS=Windows_NT
PROCESSOR_IDENTIFIER=Intel64 Family 6 Model 154 Stepping 4, GenuineIntel
TMP=C:\Users\ONS\AppData\Local\Temp
TEMP=C:\Users\ONS\AppData\Local\Temp


JNI global refs:
JNI global refs: 17, weak refs: 0

JNI global refs memory usage: 843, weak refs: 209

OOME stack traces (most recent first):
Classloader memory used:
Loader bootstrap                                                                       : 1689K
Loader jdk.internal.loader.ClassLoaders$AppClassLoader                                 : 141K
Loader jdk.internal.reflect.DelegatingClassLoader                                      : 1653B


---------------  S Y S T E M  ---------------

OS:
 Windows 11 , 64 bit Build 22621 (10.0.22621.4830)
OS uptime: 0 days 0:56 hours
Hyper-V role detected

CPU: total 12 (initial active 12) (6 cores per cpu, 2 threads per core) family 6 model 154 stepping 4 microcode 0x432, cx8, cmov, fxsr, ht, mmx, 3dnowpref, sse, sse2, sse3, ssse3, sse4.1, sse4.2, popcnt, lzcnt, tsc, tscinvbit, avx, avx2, aes, erms, clmul, bmi1, bmi2, adx, sha, fma, vzeroupper, clflush, clflushopt, clwb, hv
Processor Information for processor 0
  Max Mhz: 1700, Current Mhz: 1700, Mhz Limit: 1700
Processor Information for processor 1
  Max Mhz: 1700, Current Mhz: 1700, Mhz Limit: 1700
Processor Information for processor 2
  Max Mhz: 1700, Current Mhz: 1700, Mhz Limit: 1700
Processor Information for processor 3
  Max Mhz: 1700, Current Mhz: 1700, Mhz Limit: 1700
Processor Information for processor 4
  Max Mhz: 1700, Current Mhz: 1200, Mhz Limit: 1190
Processor Information for processor 5
  Max Mhz: 1700, Current Mhz: 1200, Mhz Limit: 1190
Processor Information for processor 6
  Max Mhz: 1700, Current Mhz: 1200, Mhz Limit: 1190
Processor Information for processor 7
  Max Mhz: 1700, Current Mhz: 1200, Mhz Limit: 1190
Processor Information for processor 8
  Max Mhz: 1700, Current Mhz: 1200, Mhz Limit: 1190
Processor Information for processor 9
  Max Mhz: 1700, Current Mhz: 1200, Mhz Limit: 1190
Processor Information for processor 10
  Max Mhz: 1700, Current Mhz: 1200, Mhz Limit: 1190
Processor Information for processor 11
  Max Mhz: 1700, Current Mhz: 1200, Mhz Limit: 1190

Memory: 4k page, system-wide physical 16095M (3193M free)
TotalPageFile size 16127M (AvailPageFile size 338M)
current process WorkingSet (physical memory assigned to process): 70M, peak: 70M
current process commit charge ("private bytes"): 353M, peak: 354M

vm_info: OpenJDK 64-Bit Server VM (17.0.8.1+7-b1059.3) for windows-amd64 JRE (17.0.8.1+7-b1059.3), built on 2023-09-11 by "builduser" with MS VC++ 16.10 / 16.11 (VS2019)

END.
