#
# There is insufficient memory for the Java Runtime Environment to continue.
# Native memory allocation (mmap) failed to map 4128768 bytes for G1 virtual space
# Possible reasons:
#   The system is out of physical RAM or swap space
#   The process is running with CompressedOops enabled, and the Java Heap may be blocking the growth of the native heap
# Possible solutions:
#   Reduce memory load on the system
#   Increase physical memory or swap space
#   Check if swap backing store is full
#   Decrease Java heap size (-Xmx/-Xms)
#   Decrease number of Java threads
#   Decrease Java thread stack sizes (-Xss)
#   Set larger code cache with -XX:ReservedCodeCacheSize=
#   JVM is running with Zero Based Compressed Oops mode in which the Java heap is
#     placed in the first 32GB address space. The Java Heap base address is the
#     maximum limit for the native heap growth. Please use -XX:HeapBaseMinAddress
#     to set the Java Heap base and to place the Java Heap above 32GB virtual address.
# This output file may be truncated or incomplete.
#
#  Out of Memory Error (os_windows.cpp:3825), pid=14208, tid=7072
#
# JRE version:  (17.0.8.1+7) (build )
# Java VM: OpenJDK 64-Bit Server VM (17.0.8.1+7-b1059.3, mixed mode, emulated-client, sharing, tiered, compressed oops, compressed class ptrs, g1 gc, windows-amd64)
# No core dump will be written. Minidumps are not enabled by default on client versions of Windows
#

---------------  S U M M A R Y ------------

Command Line: -XX:TieredStopAtLevel=1 -Dspring.output.ansi.enabled=always -Dcom.sun.management.jmxremote -Dspring.jmx.enabled=true -Dspring.liveBeansView.mbeanDomain -Dspring.application.admin.enabled=true -Dmanagement.endpoints.jmx.exposure.include=* -javaagent:C:\Program Files\JetBrains\IntelliJ IDEA 2023.2.2\lib\idea_rt.jar=61212:C:\Program Files\JetBrains\IntelliJ IDEA 2023.2.2\bin -Dfile.encoding=UTF-8 com.applications.hrmanagement.HrmanagementApplication

Host: 12th Gen Intel(R) Core(TM) i7-1255U, 12 cores, 15G,  Windows 11 , 64 bit Build 22621 (10.0.22621.4830)
Time: Wed Mar  5 10:45:31 2025 Maroc elapsed time: 0.013002 seconds (0d 0h 0m 0s)

---------------  T H R E A D  ---------------

Current thread (0x000001d778bcbee0):  JavaThread "Unknown thread" [_thread_in_vm, id=7072, stack(0x00000049d2e00000,0x00000049d2f00000)]

Stack: [0x00000049d2e00000,0x00000049d2f00000]
Native frames: (J=compiled Java code, j=interpreted, Vv=VM code, C=native code)
V  [jvm.dll+0x6852da]
V  [jvm.dll+0x844ad4]
V  [jvm.dll+0x8463ee]
V  [jvm.dll+0x846a53]
V  [jvm.dll+0x24b7cf]
V  [jvm.dll+0x682099]
V  [jvm.dll+0x67677a]
V  [jvm.dll+0x30be2b]
V  [jvm.dll+0x3132d6]
V  [jvm.dll+0x363043]
V  [jvm.dll+0x36325f]
V  [jvm.dll+0x2e1f48]
V  [jvm.dll+0x2e2eb4]
V  [jvm.dll+0x815a61]
V  [jvm.dll+0x370df1]
V  [jvm.dll+0x7f4e2c]
V  [jvm.dll+0x3f3f1f]
V  [jvm.dll+0x3f5b31]
C  [jli.dll+0x528f]  JavaMain+0x113  (java.c:413)
C  [ucrtbase.dll+0x29333]
C  [KERNEL32.DLL+0x1259d]
C  [ntdll.dll+0x5af38]


---------------  P R O C E S S  ---------------

Threads class SMR info:
_java_thread_list=0x00007ff8c39800d8, length=0, elements={
}

Java Threads: ( => current thread )

Other Threads:
  0x000001d778c391f0 GCTaskThread "GC Thread#0" [stack: 0x00000049d2f00000,0x00000049d3000000] [id=9452]
  0x000001d778c49bd0 ConcurrentGCThread "G1 Main Marker" [stack: 0x00000049d3000000,0x00000049d3100000] [id=6712]
  0x000001d778c4a4f0 ConcurrentGCThread "G1 Conc#0" [stack: 0x00000049d3100000,0x00000049d3200000] [id=9068]

[error occurred during error reporting (printing all threads), id 0xc0000005, EXCEPTION_ACCESS_VIOLATION (0xc0000005) at pc=0x00007ff8c3132ab7]

VM state: not at safepoint (not fully initialized)

VM Mutex/Monitor currently owned by a thread:  ([mutex/lock_event])
[0x000001d778bc8e10] Heap_lock - owner thread: 0x000001d778bcbee0

Heap address: 0x0000000704800000, size: 4024 MB, Compressed Oops mode: Zero based, Oop shift amount: 3

CDS archive(s) mapped at: [0x0000000000000000-0x0000000000000000-0x0000000000000000), size 0, SharedBaseAddress: 0x0000000800000000, ArchiveRelocationMode: 1.
Narrow klass base: 0x0000000000000000, Narrow klass shift: 0, Narrow klass range: 0x0

GC Precious Log:
<Empty>

Heap:
 garbage-first heap   total 0K, used 0K [0x0000000704800000, 0x0000000800000000)
  region size 2048K, 0 young (0K), 0 survivors (0K)
 Metaspace       used 0K, committed 0K, reserved 0K
  class space    used 0K, committed 0K, reserved 0K

Heap Regions: E=young(eden), S=young(survivor), O=old, HS=humongous(starts), HC=humongous(continues), CS=collection set, F=free, OA=open archive, CA=closed archive, TAMS=top-at-mark-start (previous, next)

Card table byte_map: [0x000001d700000000,0x000001d7007e0000] _byte_map_base: 0x000001d6fc7dc000

Marking Bits (Prev, Next): (CMBitMap*) 0x000001d778c39720, (CMBitMap*) 0x000001d778c39760
 Prev Bits: [0x000001d700fc0000, 0x000001d704ea0000)
 Next Bits: [0x000001d704ea0000, 0x000001d708d80000)

GC Heap History (0 events):
No events

Dll operation events (1 events):
Event: 0.008 Loaded shared library C:\Users\ONS\.jdks\jbr-17.0.8.1\bin\java.dll

Deoptimization events (0 events):
No events

Classes unloaded (0 events):
No events

Classes redefined (0 events):
No events

Internal exceptions (0 events):
No events

VM Operations (0 events):
No events

Events (0 events):
No events


Dynamic libraries:
0x00007ff616cf0000 - 0x00007ff616cfa000 	C:\Users\ONS\.jdks\jbr-17.0.8.1\bin\java.exe
0x00007ff947030000 - 0x00007ff947247000 	C:\WINDOWS\SYSTEM32\ntdll.dll
0x00007ff9465d0000 - 0x00007ff946694000 	C:\WINDOWS\System32\KERNEL32.DLL
0x00007ff944610000 - 0x00007ff9449e0000 	C:\WINDOWS\System32\KERNELBASE.dll
0x00007ff944380000 - 0x00007ff944491000 	C:\WINDOWS\System32\ucrtbase.dll
0x00007ff927200000 - 0x00007ff927217000 	C:\Users\ONS\.jdks\jbr-17.0.8.1\bin\jli.dll
0x00007ff93f2d0000 - 0x00007ff93f2eb000 	C:\Users\ONS\.jdks\jbr-17.0.8.1\bin\VCRUNTIME140.dll
0x00007ff946d90000 - 0x00007ff946f3e000 	C:\WINDOWS\System32\USER32.dll
0x00007ff9291f0000 - 0x00007ff929482000 	C:\WINDOWS\WinSxS\amd64_microsoft.windows.common-controls_6595b64144ccf1df_6.0.22621.4830_none_270fe7d773858e80\COMCTL32.dll
0x00007ff944cf0000 - 0x00007ff944d16000 	C:\WINDOWS\System32\win32u.dll
0x00007ff946150000 - 0x00007ff9461f7000 	C:\WINDOWS\System32\msvcrt.dll
0x00007ff946fc0000 - 0x00007ff946fe9000 	C:\WINDOWS\System32\GDI32.dll
0x00007ff944a60000 - 0x00007ff944b7b000 	C:\WINDOWS\System32\gdi32full.dll
0x00007ff9442e0000 - 0x00007ff94437a000 	C:\WINDOWS\System32\msvcp_win.dll
0x00007ff946280000 - 0x00007ff9462b1000 	C:\WINDOWS\System32\IMM32.DLL
0x00007ff93f2c0000 - 0x00007ff93f2cc000 	C:\Users\ONS\.jdks\jbr-17.0.8.1\bin\vcruntime140_1.dll
0x00007ff8e6140000 - 0x00007ff8e61cd000 	C:\Users\ONS\.jdks\jbr-17.0.8.1\bin\msvcp140.dll
0x00007ff8c2e40000 - 0x00007ff8c3ac3000 	C:\Users\ONS\.jdks\jbr-17.0.8.1\bin\server\jvm.dll
0x00007ff9466a0000 - 0x00007ff946751000 	C:\WINDOWS\System32\ADVAPI32.dll
0x00007ff946760000 - 0x00007ff946807000 	C:\WINDOWS\System32\sechost.dll
0x00007ff944cc0000 - 0x00007ff944ce8000 	C:\WINDOWS\System32\bcrypt.dll
0x00007ff9464b0000 - 0x00007ff9465c4000 	C:\WINDOWS\System32\RPCRT4.dll
0x00007ff915710000 - 0x00007ff915719000 	C:\WINDOWS\SYSTEM32\WSOCK32.dll
0x00007ff93df10000 - 0x00007ff93df44000 	C:\WINDOWS\SYSTEM32\WINMM.dll
0x00007ff9441b0000 - 0x00007ff9441fd000 	C:\WINDOWS\SYSTEM32\POWRPROF.dll
0x00007ff946f40000 - 0x00007ff946fb1000 	C:\WINDOWS\System32\WS2_32.dll
0x00007ff9379c0000 - 0x00007ff9379ca000 	C:\WINDOWS\SYSTEM32\VERSION.dll
0x00007ff944190000 - 0x00007ff9441a3000 	C:\WINDOWS\SYSTEM32\UMPDC.dll
0x00007ff9432e0000 - 0x00007ff9432f8000 	C:\WINDOWS\SYSTEM32\kernel.appcore.dll
0x00007ff928ca0000 - 0x00007ff928caa000 	C:\Users\ONS\.jdks\jbr-17.0.8.1\bin\jimage.dll
0x00007ff941ae0000 - 0x00007ff941d12000 	C:\WINDOWS\SYSTEM32\DBGHELP.DLL
0x00007ff945b50000 - 0x00007ff945ee0000 	C:\WINDOWS\System32\combase.dll
0x00007ff9463d0000 - 0x00007ff9464a7000 	C:\WINDOWS\System32\OLEAUT32.dll
0x00007ff920aa0000 - 0x00007ff920ad2000 	C:\WINDOWS\SYSTEM32\dbgcore.DLL
0x00007ff9449e0000 - 0x00007ff944a5b000 	C:\WINDOWS\System32\bcryptPrimitives.dll
0x00007ff9271f0000 - 0x00007ff9271fe000 	C:\Users\ONS\.jdks\jbr-17.0.8.1\bin\instrument.dll
0x00007ff9229b0000 - 0x00007ff9229d5000 	C:\Users\ONS\.jdks\jbr-17.0.8.1\bin\java.dll

dbghelp: loaded successfully - version: 4.0.5 - missing functions: none
symbol engine: initialized successfully - sym options: 0x614 - pdb path: .;C:\Users\ONS\.jdks\jbr-17.0.8.1\bin;C:\WINDOWS\SYSTEM32;C:\WINDOWS\WinSxS\amd64_microsoft.windows.common-controls_6595b64144ccf1df_6.0.22621.4830_none_270fe7d773858e80;C:\Users\ONS\.jdks\jbr-17.0.8.1\bin\server

VM Arguments:
jvm_args: -XX:TieredStopAtLevel=1 -Dspring.output.ansi.enabled=always -Dcom.sun.management.jmxremote -Dspring.jmx.enabled=true -Dspring.liveBeansView.mbeanDomain -Dspring.application.admin.enabled=true -Dmanagement.endpoints.jmx.exposure.include=* -javaagent:C:\Program Files\JetBrains\IntelliJ IDEA 2023.2.2\lib\idea_rt.jar=61212:C:\Program Files\JetBrains\IntelliJ IDEA 2023.2.2\bin -Dfile.encoding=UTF-8 
java_command: com.applications.hrmanagement.HrmanagementApplication
java_class_path (initial): C:\Users\ONS\Desktop\PI L'Earn\Hrmanagement\target\classes;C:\Users\ONS\.m2\repository\org\springframework\boot\spring-boot-starter-data-mongodb\3.2.0\spring-boot-starter-data-mongodb-3.2.0.jar;C:\Users\ONS\.m2\repository\org\springframework\boot\spring-boot-starter\3.2.0\spring-boot-starter-3.2.0.jar;C:\Users\ONS\.m2\repository\org\springframework\boot\spring-boot-starter-logging\3.2.0\spring-boot-starter-logging-3.2.0.jar;C:\Users\ONS\.m2\repository\ch\qos\logback\logback-classic\1.4.11\logback-classic-1.4.11.jar;C:\Users\ONS\.m2\repository\ch\qos\logback\logback-core\1.4.11\logback-core-1.4.11.jar;C:\Users\ONS\.m2\repository\org\apache\logging\log4j\log4j-to-slf4j\2.21.1\log4j-to-slf4j-2.21.1.jar;C:\Users\ONS\.m2\repository\org\apache\logging\log4j\log4j-api\2.21.1\log4j-api-2.21.1.jar;C:\Users\ONS\.m2\repository\org\slf4j\jul-to-slf4j\2.0.9\jul-to-slf4j-2.0.9.jar;C:\Users\ONS\.m2\repository\jakarta\annotation\jakarta.annotation-api\2.1.1\jakarta.annotation-api-2.1.1.jar;C:\Users\ONS\.m2\repository\org\yaml\snakeyaml\2.2\snakeyaml-2.2.jar;C:\Users\ONS\.m2\repository\org\mongodb\mongodb-driver-sync\4.11.1\mongodb-driver-sync-4.11.1.jar;C:\Users\ONS\.m2\repository\org\mongodb\bson\4.11.1\bson-4.11.1.jar;C:\Users\ONS\.m2\repository\org\mongodb\mongodb-driver-core\4.11.1\mongodb-driver-core-4.11.1.jar;C:\Users\ONS\.m2\repository\org\mongodb\bson-record-codec\4.11.1\bson-record-codec-4.11.1.jar;C:\Users\ONS\.m2\repository\org\springframework\data\spring-data-mongodb\4.2.0\spring-data-mongodb-4.2.0.jar;C:\Users\ONS\.m2\repository\org\springframework\spring-tx\6.1.1\spring-tx-6.1.1.jar;C:\Users\ONS\.m2\repository\org\springframework\spring-context\6.1.1\spring-context-6.1.1.jar;C:\Users\ONS\.m2\repository\org\springframework\spring-beans\6.1.1\spring-beans-6.1.1.jar;C:\Users\ONS\.m2\repository\org\springframework\spring-expression\6.1.1\spring-expression-6.1.1.jar;C:\Users\ONS\.m2\repository\org\springframework\data\spring-data-commons\3.2.0
Launcher Type: SUN_STANDARD

[Global flags]
     intx CICompilerCount                          = 4                                         {product} {ergonomic}
     uint ConcGCThreads                            = 3                                         {product} {ergonomic}
     uint G1ConcRefinementThreads                  = 10                                        {product} {ergonomic}
   size_t G1HeapRegionSize                         = 2097152                                   {product} {ergonomic}
    uintx GCDrainStackTargetSize                   = 64                                        {product} {ergonomic}
   size_t InitialHeapSize                          = 264241152                                 {product} {ergonomic}
     bool ManagementServer                         = true                                      {product} {command line}
   size_t MarkStackSize                            = 4194304                                   {product} {ergonomic}
   size_t MaxHeapSize                              = 4219469824                                {product} {ergonomic}
   size_t MinHeapDeltaBytes                        = 2097152                                   {product} {ergonomic}
   size_t MinHeapSize                              = 8388608                                   {product} {ergonomic}
    uintx NonProfiledCodeHeapSize                  = 0                                      {pd product} {ergonomic}
     bool ProfileInterpreter                       = false                                  {pd product} {command line}
    uintx ProfiledCodeHeapSize                     = 0                                      {pd product} {ergonomic}
   size_t SoftMaxHeapSize                          = 4219469824                             {manageable} {ergonomic}
     intx TieredStopAtLevel                        = 1                                         {product} {command line}
     bool UseCompressedClassPointers               = true                           {product lp64_product} {ergonomic}
     bool UseCompressedOops                        = true                           {product lp64_product} {ergonomic}
     bool UseG1GC                                  = true                                      {product} {ergonomic}
     bool UseLargePagesIndividualAllocation        = false                                  {pd product} {ergonomic}

Logging:
Log output configuration:
 #0: stdout all=warning uptime,level,tags
 #1: stderr all=off uptime,level,tags

Environment Variables:
JAVA_HOME=C:\Program Files\Java\jdk-17
PATH=C:\Program Files\MongoDB\Server\8.0\bin;C:\Python312\;C:\oraclexe\app\oracle\product\11.2.0\server\bin;C:\Program Files (x86)\VMware\VMware Workstation\bin\;C:\WINDOWS\system32;C:\WINDOWS;C:\WINDOWS\System32\Wbem;C:\WINDOWS\System32\WindowsPowerShell\v1.0\;C:\WINDOWS\System32\OpenSSH\;C:\Strawberry\c\bin;C:\Strawberry\perl\site\bin;C:\Strawberry\perl\bin;C:\oraclexe\app\oracle\admin\XE;C:\oraclexe;C:\instantclient12_2;C:\Program Files (x86)\Git\cmd;C:\Program Files\Java\jdk-17\bin;C:\composer;C:\ProgramData\chocolatey\bin;C:\Program Files\gradle-7.6.3\bin;C:\Users\ONS\AppData\Local\Android\Sdk\cmdline-tools\latest\bin;C:\Users\ONS\AppData\Local\Android\Sdk\platform-tools;C:\Users\ONS\AppData\Local\Android\Sdk\build-tools\34.0.0;C:\Users\ONS\AppData\Local\Android\Sdk\emulator;C:\Program Files\Microsoft SQL Server\150\Tools\Binn\;C:\Program Files\Microsoft SQL Server\Client SDK\ODBC\170\Tools\Binn\;C:\Users\ONS\AppData\Roaming\nvm;C:\Program Files\nodejs;C:\Program Files (x86)\Microsoft SQL Server\160\Tools\Binn\;C:\Program Files\Microsoft SQL Server\160\Tools\Binn\;C:\Program Files\Microsoft SQL Server\160\DTS\Binn\;C:\mongosh-2.3.9-win32-x64\bin;C:\Program Files\Docker\Docker\resources\bin;C:\xampp\apache\bin;C:\Users\ONS\.trae;C:\Users\ONS\scoop\shims;C:\Users\ONS\AppData\Local\Microsoft\WindowsApps;C:\Users\ONS\AppData\Local\Programs\Microsoft VS Code\bin;C:\Users\ONS\AppData\Local\GitHubDesktop\bin;C:\Program Files\JetBrains\IntelliJ IDEA 2023.2.2\bin;;C:\Users\ONS\.jdks\jbr-17.0.8.1;C:\Users\ONS\AppData\Roaming\Composer\vendor\bin;C:\Users\ONS\AppData\Roaming\npm;C:\Users\ONS\AppData\Roaming\nvm;C:\Program Files\nodejs;C:\mongosh-2.3.9-win32-x64\bin;C:\Users\ONS\AppData\Local\Programs\mongosh\
USERNAME=ONS
OS=Windows_NT
PROCESSOR_IDENTIFIER=Intel64 Family 6 Model 154 Stepping 4, GenuineIntel
TMP=C:\Users\ONS\AppData\Local\Temp
TEMP=C:\Users\ONS\AppData\Local\Temp


JNI global refs:
JNI global refs: 0, weak refs: 0

JNI global refs memory usage: 0, weak refs: 0

OOME stack traces (most recent first):
Classloader memory used:


---------------  S Y S T E M  ---------------

OS:
 Windows 11 , 64 bit Build 22621 (10.0.22621.4830)
OS uptime: 0 days 0:57 hours
Hyper-V role detected

CPU: total 12 (initial active 12) (6 cores per cpu, 2 threads per core) family 6 model 154 stepping 4 microcode 0x432, cx8, cmov, fxsr, ht, mmx, 3dnowpref, sse, sse2, sse3, ssse3, sse4.1, sse4.2, popcnt, lzcnt, tsc, tscinvbit, avx, avx2, aes, erms, clmul, bmi1, bmi2, adx, sha, fma, vzeroupper, clflush, clflushopt, clwb, hv
Processor Information for processor 0
  Max Mhz: 1700, Current Mhz: 1700, Mhz Limit: 1700
Processor Information for processor 1
  Max Mhz: 1700, Current Mhz: 1700, Mhz Limit: 1700
Processor Information for processor 2
  Max Mhz: 1700, Current Mhz: 1700, Mhz Limit: 1700
Processor Information for processor 3
  Max Mhz: 1700, Current Mhz: 1700, Mhz Limit: 1700
Processor Information for processor 4
  Max Mhz: 1700, Current Mhz: 1200, Mhz Limit: 1190
Processor Information for processor 5
  Max Mhz: 1700, Current Mhz: 1200, Mhz Limit: 1190
Processor Information for processor 6
  Max Mhz: 1700, Current Mhz: 1200, Mhz Limit: 1190
Processor Information for processor 7
  Max Mhz: 1700, Current Mhz: 1200, Mhz Limit: 1190
Processor Information for processor 8
  Max Mhz: 1700, Current Mhz: 1200, Mhz Limit: 1190
Processor Information for processor 9
  Max Mhz: 1700, Current Mhz: 1200, Mhz Limit: 1190
Processor Information for processor 10
  Max Mhz: 1700, Current Mhz: 1200, Mhz Limit: 1190
Processor Information for processor 11
  Max Mhz: 1700, Current Mhz: 1200, Mhz Limit: 1190

Memory: 4k page, system-wide physical 16095M (3199M free)
TotalPageFile size 16127M (AvailPageFile size 337M)
current process WorkingSet (physical memory assigned to process): 16M, peak: 16M
current process commit charge ("private bytes"): 317M, peak: 317M

vm_info: OpenJDK 64-Bit Server VM (17.0.8.1+7-b1059.3) for windows-amd64 JRE (17.0.8.1+7-b1059.3), built on 2023-09-11 by "builduser" with MS VC++ 16.10 / 16.11 (VS2019)

END.
